<?xml version="1.0" encoding="UTF-8"?>
<testsuite name="MockTest" tests="4371" skipped="0" failures="0" errors="0" timestamp="2025-04-17T17:00:22" hostname="DANIELBABENKO" time="14.343">
  <properties/>
  <testcase name="[1] 0.0" classname="MockTest" time="0.085"/>
  <testcase name="[2] 0.5235987755982988" classname="MockTest" time="0.009"/>
  <testcase name="[3] 0.7853981633974483" classname="MockTest" time="0.002"/>
  <testcase name="[4] 1.0471975511965976" classname="MockTest" time="0.002"/>
  <testcase name="[5] 1.5707963267948966" classname="MockTest" time="0.002"/>
  <testcase name="[6] 2.0943951023931953" classname="MockTest" time="0.001"/>
  <testcase name="[7] 2.356194490192345" classname="MockTest" time="0.001"/>
  <testcase name="[8] 2.6179938779914944" classname="MockTest" time="0.002"/>
  <testcase name="[9] 3.141592653589793" classname="MockTest" time="0.002"/>
  <testcase name="[10] 3.665191429188092" classname="MockTest" time="0.002"/>
  <testcase name="[11] 3.9269908169872414" classname="MockTest" time="0.002"/>
  <testcase name="[12] 4.1887902047863905" classname="MockTest" time="0.002"/>
  <testcase name="[13] 4.71238898038469" classname="MockTest" time="0.002"/>
  <testcase name="[14] 5.235987755982989" classname="MockTest" time="0.002"/>
  <testcase name="[15] 5.497787143782138" classname="MockTest" time="0.002"/>
  <testcase name="[16] 5.759586531581287" classname="MockTest" time="0.002"/>
  <testcase name="[17] 6.283185307179586" classname="MockTest" time="0.001"/>
  <testcase name="[18] -6.283185307179586" classname="MockTest" time="0.001"/>
  <testcase name="[19] -6.183185307179587" classname="MockTest" time="0.001"/>
  <testcase name="[20] -6.083185307179587" classname="MockTest" time="0.002"/>
  <testcase name="[21] -5.983185307179587" classname="MockTest" time="0.001"/>
  <testcase name="[22] -5.883185307179588" classname="MockTest" time="0.001"/>
  <testcase name="[23] -5.783185307179588" classname="MockTest" time="0.001"/>
  <testcase name="[24] -5.683185307179588" classname="MockTest" time="0.001"/>
  <testcase name="[25] -5.583185307179589" classname="MockTest" time="0.001"/>
  <testcase name="[26] -5.483185307179589" classname="MockTest" time="0.002"/>
  <testcase name="[27] -5.383185307179589" classname="MockTest" time="0.001"/>
  <testcase name="[28] -5.28318530717959" classname="MockTest" time="0.001"/>
  <testcase name="[29] -5.18318530717959" classname="MockTest" time="0.002"/>
  <testcase name="[30] -5.0831853071795905" classname="MockTest" time="0.002"/>
  <testcase name="[31] -4.983185307179591" classname="MockTest" time="0.001"/>
  <testcase name="[32] -4.883185307179591" classname="MockTest" time="0.001"/>
  <testcase name="[33] -4.783185307179592" classname="MockTest" time="0.001"/>
  <testcase name="[34] -4.683185307179592" classname="MockTest" time="0.001"/>
  <testcase name="[35] -4.583185307179592" classname="MockTest" time="0.002"/>
  <testcase name="[36] -4.483185307179593" classname="MockTest" time="0.001"/>
  <testcase name="[37] -4.383185307179593" classname="MockTest" time="0.001"/>
  <testcase name="[38] -4.283185307179593" classname="MockTest" time="0.002"/>
  <testcase name="[39] -4.183185307179594" classname="MockTest" time="0.002"/>
  <testcase name="[40] -4.083185307179594" classname="MockTest" time="0.001"/>
  <testcase name="[41] -3.983185307179594" classname="MockTest" time="0.001"/>
  <testcase name="[42] -3.883185307179594" classname="MockTest" time="0.001"/>
  <testcase name="[43] -3.783185307179594" classname="MockTest" time="0.002"/>
  <testcase name="[44] -3.6831853071795937" classname="MockTest" time="0.002"/>
  <testcase name="[45] -3.5831853071795936" classname="MockTest" time="0.001"/>
  <testcase name="[46] -3.4831853071795935" classname="MockTest" time="0.001"/>
  <testcase name="[47] -3.3831853071795934" classname="MockTest" time="0.001"/>
  <testcase name="[48] -3.2831853071795933" classname="MockTest" time="0.002"/>
  <testcase name="[49] -3.1831853071795932" classname="MockTest" time="0.001"/>
  <testcase name="[50] -3.083185307179593" classname="MockTest" time="0.001"/>
  <testcase name="[51] -2.983185307179593" classname="MockTest" time="0.001"/>
  <testcase name="[52] -2.883185307179593" classname="MockTest" time="0.001"/>
  <testcase name="[53] -2.783185307179593" classname="MockTest" time="0.001"/>
  <testcase name="[54] -2.683185307179593" classname="MockTest" time="0.001"/>
  <testcase name="[55] -2.5831853071795927" classname="MockTest" time="0.001"/>
  <testcase name="[56] -2.4831853071795926" classname="MockTest" time="0.001"/>
  <testcase name="[57] -2.3831853071795925" classname="MockTest" time="0.001"/>
  <testcase name="[58] -2.2831853071795924" classname="MockTest" time="0.001"/>
  <testcase name="[59] -2.1831853071795924" classname="MockTest" time="0.002"/>
  <testcase name="[60] -2.0831853071795923" classname="MockTest" time="0.001"/>
  <testcase name="[61] -1.9831853071795922" classname="MockTest" time="0.001"/>
  <testcase name="[62] -1.883185307179592" classname="MockTest" time="0.001"/>
  <testcase name="[63] -1.783185307179592" classname="MockTest" time="0.001"/>
  <testcase name="[64] -1.683185307179592" classname="MockTest" time="0.002"/>
  <testcase name="[65] -1.5831853071795918" classname="MockTest" time="0.001"/>
  <testcase name="[66] -1.4831853071795917" classname="MockTest" time="0.002"/>
  <testcase name="[67] -1.3831853071795916" classname="MockTest" time="0.001"/>
  <testcase name="[68] -1.2831853071795916" classname="MockTest" time="0.001"/>
  <testcase name="[69] -1.1831853071795915" classname="MockTest" time="0.001"/>
  <testcase name="[70] -1.0831853071795914" classname="MockTest" time="0.002"/>
  <testcase name="[71] -0.9831853071795914" classname="MockTest" time="0.001"/>
  <testcase name="[72] -0.8831853071795914" classname="MockTest" time="0.001"/>
  <testcase name="[73] -0.7831853071795915" classname="MockTest" time="0.001"/>
  <testcase name="[74] -0.6831853071795915" classname="MockTest" time="0.002"/>
  <testcase name="[75] -0.5831853071795915" classname="MockTest" time="0.002"/>
  <testcase name="[76] -0.4831853071795915" classname="MockTest" time="0.001"/>
  <testcase name="[77] -0.38318530717959154" classname="MockTest" time="0.001"/>
  <testcase name="[78] -0.28318530717959156" classname="MockTest" time="0.001"/>
  <testcase name="[79] -0.18318530717959156" classname="MockTest" time="0.001"/>
  <testcase name="[80] -0.08318530717959155" classname="MockTest" time="0.001"/>
  <testcase name="[81] 0.016814692820408456" classname="MockTest" time="0.001"/>
  <testcase name="[82] 0.11681469282040846" classname="MockTest" time="0.001"/>
  <testcase name="[83] 0.21681469282040847" classname="MockTest" time="0.0"/>
  <testcase name="[84] 0.31681469282040847" classname="MockTest" time="0.001"/>
  <testcase name="[85] 0.4168146928204085" classname="MockTest" time="0.001"/>
  <testcase name="[86] 0.5168146928204085" classname="MockTest" time="0.001"/>
  <testcase name="[87] 0.6168146928204085" classname="MockTest" time="0.001"/>
  <testcase name="[88] 0.7168146928204084" classname="MockTest" time="0.001"/>
  <testcase name="[89] 0.8168146928204084" classname="MockTest" time="0.001"/>
  <testcase name="[90] 0.9168146928204084" classname="MockTest" time="0.001"/>
  <testcase name="[91] 1.0168146928204085" classname="MockTest" time="0.001"/>
  <testcase name="[92] 1.1168146928204086" classname="MockTest" time="0.001"/>
  <testcase name="[93] 1.2168146928204087" classname="MockTest" time="0.002"/>
  <testcase name="[94] 1.3168146928204087" classname="MockTest" time="0.001"/>
  <testcase name="[95] 1.4168146928204088" classname="MockTest" time="0.001"/>
  <testcase name="[96] 1.516814692820409" classname="MockTest" time="0.001"/>
  <testcase name="[97] 1.616814692820409" classname="MockTest" time="0.001"/>
  <testcase name="[98] 1.716814692820409" classname="MockTest" time="0.001"/>
  <testcase name="[99] 1.8168146928204092" classname="MockTest" time="0.001"/>
  <testcase name="[100] 1.9168146928204093" classname="MockTest" time="0.001"/>
  <testcase name="[101] 2.016814692820409" classname="MockTest" time="0.001"/>
  <testcase name="[102] 2.1168146928204092" classname="MockTest" time="0.001"/>
  <testcase name="[103] 2.2168146928204093" classname="MockTest" time="0.001"/>
  <testcase name="[104] 2.3168146928204094" classname="MockTest" time="0.001"/>
  <testcase name="[105] 2.4168146928204095" classname="MockTest" time="0.0"/>
  <testcase name="[106] 2.5168146928204096" classname="MockTest" time="0.0"/>
  <testcase name="[107] 2.6168146928204097" classname="MockTest" time="0.001"/>
  <testcase name="[108] 2.7168146928204098" classname="MockTest" time="0.001"/>
  <testcase name="[109] 2.81681469282041" classname="MockTest" time="0.001"/>
  <testcase name="[110] 2.91681469282041" classname="MockTest" time="0.001"/>
  <testcase name="[111] 3.01681469282041" classname="MockTest" time="0.001"/>
  <testcase name="[112] 3.11681469282041" classname="MockTest" time="0.001"/>
  <testcase name="[113] 3.21681469282041" classname="MockTest" time="0.0"/>
  <testcase name="[114] 3.3168146928204103" classname="MockTest" time="0.001"/>
  <testcase name="[115] 3.4168146928204104" classname="MockTest" time="0.001"/>
  <testcase name="[116] 3.5168146928204105" classname="MockTest" time="0.0"/>
  <testcase name="[117] 3.6168146928204106" classname="MockTest" time="0.001"/>
  <testcase name="[118] 3.7168146928204107" classname="MockTest" time="0.0"/>
  <testcase name="[119] 3.8168146928204107" classname="MockTest" time="0.001"/>
  <testcase name="[120] 3.916814692820411" classname="MockTest" time="0.0"/>
  <testcase name="[121] 4.016814692820411" classname="MockTest" time="0.0"/>
  <testcase name="[122] 4.116814692820411" classname="MockTest" time="0.001"/>
  <testcase name="[123] 4.21681469282041" classname="MockTest" time="0.001"/>
  <testcase name="[124] 4.31681469282041" classname="MockTest" time="0.001"/>
  <testcase name="[125] 4.4168146928204095" classname="MockTest" time="0.001"/>
  <testcase name="[126] 4.516814692820409" classname="MockTest" time="0.001"/>
  <testcase name="[127] 4.616814692820409" classname="MockTest" time="0.001"/>
  <testcase name="[128] 4.716814692820408" classname="MockTest" time="0.001"/>
  <testcase name="[129] 4.816814692820408" classname="MockTest" time="0.001"/>
  <testcase name="[130] 4.916814692820408" classname="MockTest" time="0.001"/>
  <testcase name="[131] 5.016814692820407" classname="MockTest" time="0.001"/>
  <testcase name="[132] 5.116814692820407" classname="MockTest" time="0.001"/>
  <testcase name="[133] 5.216814692820407" classname="MockTest" time="0.0"/>
  <testcase name="[134] 5.316814692820406" classname="MockTest" time="0.001"/>
  <testcase name="[135] 5.416814692820406" classname="MockTest" time="0.0"/>
  <testcase name="[136] 5.516814692820406" classname="MockTest" time="0.001"/>
  <testcase name="[137] 5.616814692820405" classname="MockTest" time="0.001"/>
  <testcase name="[138] 5.716814692820405" classname="MockTest" time="0.001"/>
  <testcase name="[139] 5.8168146928204045" classname="MockTest" time="0.001"/>
  <testcase name="[140] 5.916814692820404" classname="MockTest" time="0.001"/>
  <testcase name="[141] 6.016814692820404" classname="MockTest" time="0.001"/>
  <testcase name="[142] 6.1168146928204035" classname="MockTest" time="0.001"/>
  <testcase name="[143] 6.216814692820403" classname="MockTest" time="0.001"/>
  <testcase name="[1] 0.1" classname="MockTest" time="0.007"/>
  <testcase name="[2] 0.2" classname="MockTest" time="0.004"/>
  <testcase name="[3] 0.5" classname="MockTest" time="0.003"/>
  <testcase name="[4] 1.0" classname="MockTest" time="0.003"/>
  <testcase name="[5] 1.6909125123605662" classname="MockTest" time="0.004"/>
  <testcase name="[6] 2.718281828459045" classname="MockTest" time="0.004"/>
  <testcase name="[7] 10.0" classname="MockTest" time="0.007"/>
  <testcase name="[8] 2.0" classname="MockTest" time="0.003"/>
  <testcase name="[9] 4.0" classname="MockTest" time="0.005"/>
  <testcase name="[10] 8.0" classname="MockTest" time="0.006"/>
  <testcase name="[11] 16.0" classname="MockTest" time="0.006"/>
  <testcase name="[12] 32.0" classname="MockTest" time="0.006"/>
  <testcase name="[13] 64.0" classname="MockTest" time="0.007"/>
  <testcase name="[14] 128.0" classname="MockTest" time="0.01"/>
  <testcase name="[15] 256.0" classname="MockTest" time="0.012"/>
  <testcase name="[16] 512.0" classname="MockTest" time="0.011"/>
  <testcase name="[17] 1024.0" classname="MockTest" time="0.013"/>
  <testcase name="[18] 3.0" classname="MockTest" time="0.004"/>
  <testcase name="[19] 9.0" classname="MockTest" time="0.006"/>
  <testcase name="[20] 27.0" classname="MockTest" time="0.007"/>
  <testcase name="[21] 81.0" classname="MockTest" time="0.008"/>
  <testcase name="[22] 243.0" classname="MockTest" time="0.009"/>
  <testcase name="[23] 729.0" classname="MockTest" time="0.011"/>
  <testcase name="[24] 2187.0" classname="MockTest" time="0.011"/>
  <testcase name="[25] 6561.0" classname="MockTest" time="0.017"/>
  <testcase name="[26] 19683.0" classname="MockTest" time="0.014"/>
  <testcase name="[27] 59049.0" classname="MockTest" time="0.018"/>
  <testcase name="[28] 5.0" classname="MockTest" time="0.005"/>
  <testcase name="[29] 25.0" classname="MockTest" time="0.008"/>
  <testcase name="[30] 125.0" classname="MockTest" time="0.009"/>
  <testcase name="[31] 625.0" classname="MockTest" time="0.01"/>
  <testcase name="[32] 3125.0" classname="MockTest" time="0.013"/>
  <testcase name="[33] 15625.0" classname="MockTest" time="0.015"/>
  <testcase name="[34] 78125.0" classname="MockTest" time="0.016"/>
  <testcase name="[35] 390625.0" classname="MockTest" time="0.017"/>
  <testcase name="[36] 1953125.0" classname="MockTest" time="0.019"/>
  <testcase name="[37] 9765625.0" classname="MockTest" time="0.021"/>
  <testcase name="[38] 4.0" classname="MockTest" time="0.004"/>
  <testcase name="[39] 5.0" classname="MockTest" time="0.004"/>
  <testcase name="[40] 6.0" classname="MockTest" time="0.005"/>
  <testcase name="[41] 7.0" classname="MockTest" time="0.004"/>
  <testcase name="[42] 8.0" classname="MockTest" time="0.005"/>
  <testcase name="[43] 9.0" classname="MockTest" time="0.005"/>
  <testcase name="[44] 10.0" classname="MockTest" time="0.005"/>
  <testcase name="[45] 11.0" classname="MockTest" time="0.006"/>
  <testcase name="[46] 12.0" classname="MockTest" time="0.007"/>
  <testcase name="[47] 13.0" classname="MockTest" time="0.005"/>
  <testcase name="[48] 14.0" classname="MockTest" time="0.008"/>
  <testcase name="[49] 15.0" classname="MockTest" time="0.006"/>
  <testcase name="[50] 16.0" classname="MockTest" time="0.007"/>
  <testcase name="[51] 17.0" classname="MockTest" time="0.006"/>
  <testcase name="[52] 18.0" classname="MockTest" time="0.006"/>
  <testcase name="[53] 19.0" classname="MockTest" time="0.006"/>
  <testcase name="[54] 20.0" classname="MockTest" time="0.005"/>
  <testcase name="[55] 21.0" classname="MockTest" time="0.005"/>
  <testcase name="[56] 22.0" classname="MockTest" time="0.008"/>
  <testcase name="[57] 23.0" classname="MockTest" time="0.007"/>
  <testcase name="[58] 24.0" classname="MockTest" time="0.006"/>
  <testcase name="[59] 25.0" classname="MockTest" time="0.005"/>
  <testcase name="[60] 26.0" classname="MockTest" time="0.005"/>
  <testcase name="[61] 27.0" classname="MockTest" time="0.006"/>
  <testcase name="[62] 28.0" classname="MockTest" time="0.006"/>
  <testcase name="[63] 29.0" classname="MockTest" time="0.006"/>
  <testcase name="[64] 30.0" classname="MockTest" time="0.005"/>
  <testcase name="[65] 31.0" classname="MockTest" time="0.005"/>
  <testcase name="[66] 32.0" classname="MockTest" time="0.006"/>
  <testcase name="[67] 33.0" classname="MockTest" time="0.005"/>
  <testcase name="[68] 34.0" classname="MockTest" time="0.006"/>
  <testcase name="[69] 35.0" classname="MockTest" time="0.006"/>
  <testcase name="[70] 36.0" classname="MockTest" time="0.007"/>
  <testcase name="[71] 37.0" classname="MockTest" time="0.007"/>
  <testcase name="[72] 38.0" classname="MockTest" time="0.006"/>
  <testcase name="[73] 39.0" classname="MockTest" time="0.011"/>
  <testcase name="[74] 40.0" classname="MockTest" time="0.006"/>
  <testcase name="[75] 41.0" classname="MockTest" time="0.007"/>
  <testcase name="[76] 42.0" classname="MockTest" time="0.006"/>
  <testcase name="[77] 43.0" classname="MockTest" time="0.006"/>
  <testcase name="[78] 44.0" classname="MockTest" time="0.005"/>
  <testcase name="[79] 45.0" classname="MockTest" time="0.005"/>
  <testcase name="[80] 46.0" classname="MockTest" time="0.005"/>
  <testcase name="[81] 47.0" classname="MockTest" time="0.006"/>
  <testcase name="[82] 48.0" classname="MockTest" time="0.006"/>
  <testcase name="[83] 49.0" classname="MockTest" time="0.006"/>
  <testcase name="[84] 50.0" classname="MockTest" time="0.006"/>
  <testcase name="[85] 51.0" classname="MockTest" time="0.006"/>
  <testcase name="[86] 52.0" classname="MockTest" time="0.006"/>
  <testcase name="[87] 53.0" classname="MockTest" time="0.006"/>
  <testcase name="[88] 54.0" classname="MockTest" time="0.009"/>
  <testcase name="[89] 55.0" classname="MockTest" time="0.007"/>
  <testcase name="[90] 56.0" classname="MockTest" time="0.007"/>
  <testcase name="[91] 57.0" classname="MockTest" time="0.006"/>
  <testcase name="[92] 58.0" classname="MockTest" time="0.006"/>
  <testcase name="[93] 59.0" classname="MockTest" time="0.006"/>
  <testcase name="[94] 60.0" classname="MockTest" time="0.006"/>
  <testcase name="[95] 61.0" classname="MockTest" time="0.006"/>
  <testcase name="[96] 62.0" classname="MockTest" time="0.006"/>
  <testcase name="[97] 63.0" classname="MockTest" time="0.007"/>
  <testcase name="[98] 64.0" classname="MockTest" time="0.006"/>
  <testcase name="[99] 65.0" classname="MockTest" time="0.007"/>
  <testcase name="[100] 66.0" classname="MockTest" time="0.006"/>
  <testcase name="[101] 67.0" classname="MockTest" time="0.006"/>
  <testcase name="[102] 68.0" classname="MockTest" time="0.006"/>
  <testcase name="[103] 69.0" classname="MockTest" time="0.007"/>
  <testcase name="[104] 70.0" classname="MockTest" time="0.006"/>
  <testcase name="[105] 71.0" classname="MockTest" time="0.006"/>
  <testcase name="[106] 72.0" classname="MockTest" time="0.006"/>
  <testcase name="[107] 73.0" classname="MockTest" time="0.006"/>
  <testcase name="[108] 74.0" classname="MockTest" time="0.006"/>
  <testcase name="[109] 75.0" classname="MockTest" time="0.007"/>
  <testcase name="[110] 76.0" classname="MockTest" time="0.006"/>
  <testcase name="[111] 77.0" classname="MockTest" time="0.006"/>
  <testcase name="[112] 78.0" classname="MockTest" time="0.007"/>
  <testcase name="[113] 79.0" classname="MockTest" time="0.008"/>
  <testcase name="[114] 80.0" classname="MockTest" time="0.006"/>
  <testcase name="[115] 81.0" classname="MockTest" time="0.008"/>
  <testcase name="[116] 82.0" classname="MockTest" time="0.008"/>
  <testcase name="[117] 83.0" classname="MockTest" time="0.007"/>
  <testcase name="[118] 84.0" classname="MockTest" time="0.008"/>
  <testcase name="[119] 85.0" classname="MockTest" time="0.008"/>
  <testcase name="[120] 86.0" classname="MockTest" time="0.007"/>
  <testcase name="[121] 87.0" classname="MockTest" time="0.009"/>
  <testcase name="[122] 88.0" classname="MockTest" time="0.007"/>
  <testcase name="[123] 89.0" classname="MockTest" time="0.007"/>
  <testcase name="[124] 90.0" classname="MockTest" time="0.007"/>
  <testcase name="[125] 91.0" classname="MockTest" time="0.007"/>
  <testcase name="[126] 92.0" classname="MockTest" time="0.006"/>
  <testcase name="[127] 93.0" classname="MockTest" time="0.006"/>
  <testcase name="[128] 94.0" classname="MockTest" time="0.007"/>
  <testcase name="[129] 95.0" classname="MockTest" time="0.007"/>
  <testcase name="[130] 96.0" classname="MockTest" time="0.007"/>
  <testcase name="[131] 97.0" classname="MockTest" time="0.007"/>
  <testcase name="[132] 98.0" classname="MockTest" time="0.007"/>
  <testcase name="[133] 99.0" classname="MockTest" time="0.007"/>
  <testcase name="[1] 0.0" classname="MockTest" time="0.008"/>
  <testcase name="[2] 0.5235987755982988" classname="MockTest" time="0.001"/>
  <testcase name="[3] 0.7853981633974483" classname="MockTest" time="0.001"/>
  <testcase name="[4] 1.0471975511965976" classname="MockTest" time="0.0"/>
  <testcase name="[5] 1.5707963267948966" classname="MockTest" time="0.001"/>
  <testcase name="[6] 2.0943951023931953" classname="MockTest" time="0.001"/>
  <testcase name="[7] 2.356194490192345" classname="MockTest" time="0.002"/>
  <testcase name="[8] 2.6179938779914944" classname="MockTest" time="0.002"/>
  <testcase name="[9] 3.141592653589793" classname="MockTest" time="0.001"/>
  <testcase name="[10] 3.665191429188092" classname="MockTest" time="0.001"/>
  <testcase name="[11] 3.9269908169872414" classname="MockTest" time="0.002"/>
  <testcase name="[12] 4.1887902047863905" classname="MockTest" time="0.002"/>
  <testcase name="[13] 4.71238898038469" classname="MockTest" time="0.002"/>
  <testcase name="[14] 5.235987755982989" classname="MockTest" time="0.002"/>
  <testcase name="[15] 5.497787143782138" classname="MockTest" time="0.001"/>
  <testcase name="[16] 5.759586531581287" classname="MockTest" time="0.002"/>
  <testcase name="[17] 6.283185307179586" classname="MockTest" time="0.001"/>
  <testcase name="[18] -6.283185307179586" classname="MockTest" time="0.001"/>
  <testcase name="[19] -6.183185307179587" classname="MockTest" time="0.0"/>
  <testcase name="[20] -6.083185307179587" classname="MockTest" time="0.0"/>
  <testcase name="[21] -5.983185307179587" classname="MockTest" time="0.001"/>
  <testcase name="[22] -5.883185307179588" classname="MockTest" time="0.001"/>
  <testcase name="[23] -5.783185307179588" classname="MockTest" time="0.001"/>
  <testcase name="[24] -5.683185307179588" classname="MockTest" time="0.001"/>
  <testcase name="[25] -5.583185307179589" classname="MockTest" time="0.001"/>
  <testcase name="[26] -5.483185307179589" classname="MockTest" time="0.0"/>
  <testcase name="[27] -5.383185307179589" classname="MockTest" time="0.0"/>
  <testcase name="[28] -5.28318530717959" classname="MockTest" time="0.0"/>
  <testcase name="[29] -5.18318530717959" classname="MockTest" time="0.001"/>
  <testcase name="[30] -5.0831853071795905" classname="MockTest" time="0.001"/>
  <testcase name="[31] -4.983185307179591" classname="MockTest" time="0.001"/>
  <testcase name="[32] -4.883185307179591" classname="MockTest" time="0.001"/>
  <testcase name="[33] -4.783185307179592" classname="MockTest" time="0.001"/>
  <testcase name="[34] -4.683185307179592" classname="MockTest" time="0.001"/>
  <testcase name="[35] -4.583185307179592" classname="MockTest" time="0.001"/>
  <testcase name="[36] -4.483185307179593" classname="MockTest" time="0.001"/>
  <testcase name="[37] -4.383185307179593" classname="MockTest" time="0.001"/>
  <testcase name="[38] -4.283185307179593" classname="MockTest" time="0.001"/>
  <testcase name="[39] -4.183185307179594" classname="MockTest" time="0.001"/>
  <testcase name="[40] -4.083185307179594" classname="MockTest" time="0.001"/>
  <testcase name="[41] -3.983185307179594" classname="MockTest" time="0.001"/>
  <testcase name="[42] -3.883185307179594" classname="MockTest" time="0.001"/>
  <testcase name="[43] -3.783185307179594" classname="MockTest" time="0.001"/>
  <testcase name="[44] -3.6831853071795937" classname="MockTest" time="0.001"/>
  <testcase name="[45] -3.5831853071795936" classname="MockTest" time="0.001"/>
  <testcase name="[46] -3.4831853071795935" classname="MockTest" time="0.001"/>
  <testcase name="[47] -3.3831853071795934" classname="MockTest" time="0.0"/>
  <testcase name="[48] -3.2831853071795933" classname="MockTest" time="0.001"/>
  <testcase name="[49] -3.1831853071795932" classname="MockTest" time="0.001"/>
  <testcase name="[50] -3.083185307179593" classname="MockTest" time="0.0"/>
  <testcase name="[51] -2.983185307179593" classname="MockTest" time="0.001"/>
  <testcase name="[52] -2.883185307179593" classname="MockTest" time="0.001"/>
  <testcase name="[53] -2.783185307179593" classname="MockTest" time="0.001"/>
  <testcase name="[54] -2.683185307179593" classname="MockTest" time="0.001"/>
  <testcase name="[55] -2.5831853071795927" classname="MockTest" time="0.001"/>
  <testcase name="[56] -2.4831853071795926" classname="MockTest" time="0.001"/>
  <testcase name="[57] -2.3831853071795925" classname="MockTest" time="0.001"/>
  <testcase name="[58] -2.2831853071795924" classname="MockTest" time="0.001"/>
  <testcase name="[59] -2.1831853071795924" classname="MockTest" time="0.001"/>
  <testcase name="[60] -2.0831853071795923" classname="MockTest" time="0.001"/>
  <testcase name="[61] -1.9831853071795922" classname="MockTest" time="0.0"/>
  <testcase name="[62] -1.883185307179592" classname="MockTest" time="0.001"/>
  <testcase name="[63] -1.783185307179592" classname="MockTest" time="0.001"/>
  <testcase name="[64] -1.683185307179592" classname="MockTest" time="0.0"/>
  <testcase name="[65] -1.5831853071795918" classname="MockTest" time="0.001"/>
  <testcase name="[66] -1.4831853071795917" classname="MockTest" time="0.001"/>
  <testcase name="[67] -1.3831853071795916" classname="MockTest" time="0.001"/>
  <testcase name="[68] -1.2831853071795916" classname="MockTest" time="0.0"/>
  <testcase name="[69] -1.1831853071795915" classname="MockTest" time="0.0"/>
  <testcase name="[70] -1.0831853071795914" classname="MockTest" time="0.001"/>
  <testcase name="[71] -0.9831853071795914" classname="MockTest" time="0.001"/>
  <testcase name="[72] -0.8831853071795914" classname="MockTest" time="0.001"/>
  <testcase name="[73] -0.7831853071795915" classname="MockTest" time="0.001"/>
  <testcase name="[74] -0.6831853071795915" classname="MockTest" time="0.001"/>
  <testcase name="[75] -0.5831853071795915" classname="MockTest" time="0.0"/>
  <testcase name="[76] -0.4831853071795915" classname="MockTest" time="0.001"/>
  <testcase name="[77] -0.38318530717959154" classname="MockTest" time="0.001"/>
  <testcase name="[78] -0.28318530717959156" classname="MockTest" time="0.0"/>
  <testcase name="[79] -0.18318530717959156" classname="MockTest" time="0.001"/>
  <testcase name="[80] -0.08318530717959155" classname="MockTest" time="0.001"/>
  <testcase name="[81] 0.016814692820408456" classname="MockTest" time="0.002"/>
  <testcase name="[82] 0.11681469282040846" classname="MockTest" time="0.001"/>
  <testcase name="[83] 0.21681469282040847" classname="MockTest" time="0.001"/>
  <testcase name="[84] 0.31681469282040847" classname="MockTest" time="0.001"/>
  <testcase name="[85] 0.4168146928204085" classname="MockTest" time="0.001"/>
  <testcase name="[86] 0.5168146928204085" classname="MockTest" time="0.001"/>
  <testcase name="[87] 0.6168146928204085" classname="MockTest" time="0.001"/>
  <testcase name="[88] 0.7168146928204084" classname="MockTest" time="0.001"/>
  <testcase name="[89] 0.8168146928204084" classname="MockTest" time="0.001"/>
  <testcase name="[90] 0.9168146928204084" classname="MockTest" time="0.001"/>
  <testcase name="[91] 1.0168146928204085" classname="MockTest" time="0.001"/>
  <testcase name="[92] 1.1168146928204086" classname="MockTest" time="0.0"/>
  <testcase name="[93] 1.2168146928204087" classname="MockTest" time="0.0"/>
  <testcase name="[94] 1.3168146928204087" classname="MockTest" time="0.001"/>
  <testcase name="[95] 1.4168146928204088" classname="MockTest" time="0.0"/>
  <testcase name="[96] 1.516814692820409" classname="MockTest" time="0.0"/>
  <testcase name="[97] 1.616814692820409" classname="MockTest" time="0.001"/>
  <testcase name="[98] 1.716814692820409" classname="MockTest" time="0.001"/>
  <testcase name="[99] 1.8168146928204092" classname="MockTest" time="0.001"/>
  <testcase name="[100] 1.9168146928204093" classname="MockTest" time="0.0"/>
  <testcase name="[101] 2.016814692820409" classname="MockTest" time="0.0"/>
  <testcase name="[102] 2.1168146928204092" classname="MockTest" time="0.001"/>
  <testcase name="[103] 2.2168146928204093" classname="MockTest" time="0.001"/>
  <testcase name="[104] 2.3168146928204094" classname="MockTest" time="0.0"/>
  <testcase name="[105] 2.4168146928204095" classname="MockTest" time="0.001"/>
  <testcase name="[106] 2.5168146928204096" classname="MockTest" time="0.001"/>
  <testcase name="[107] 2.6168146928204097" classname="MockTest" time="0.001"/>
  <testcase name="[108] 2.7168146928204098" classname="MockTest" time="0.001"/>
  <testcase name="[109] 2.81681469282041" classname="MockTest" time="0.001"/>
  <testcase name="[110] 2.91681469282041" classname="MockTest" time="0.001"/>
  <testcase name="[111] 3.01681469282041" classname="MockTest" time="0.0"/>
  <testcase name="[112] 3.11681469282041" classname="MockTest" time="0.001"/>
  <testcase name="[113] 3.21681469282041" classname="MockTest" time="0.0"/>
  <testcase name="[114] 3.3168146928204103" classname="MockTest" time="0.001"/>
  <testcase name="[115] 3.4168146928204104" classname="MockTest" time="0.001"/>
  <testcase name="[116] 3.5168146928204105" classname="MockTest" time="0.001"/>
  <testcase name="[117] 3.6168146928204106" classname="MockTest" time="0.001"/>
  <testcase name="[118] 3.7168146928204107" classname="MockTest" time="0.001"/>
  <testcase name="[119] 3.8168146928204107" classname="MockTest" time="0.001"/>
  <testcase name="[120] 3.916814692820411" classname="MockTest" time="0.001"/>
  <testcase name="[121] 4.016814692820411" classname="MockTest" time="0.0"/>
  <testcase name="[122] 4.116814692820411" classname="MockTest" time="0.001"/>
  <testcase name="[123] 4.21681469282041" classname="MockTest" time="0.0"/>
  <testcase name="[124] 4.31681469282041" classname="MockTest" time="0.0"/>
  <testcase name="[125] 4.4168146928204095" classname="MockTest" time="0.0"/>
  <testcase name="[126] 4.516814692820409" classname="MockTest" time="0.001"/>
  <testcase name="[127] 4.616814692820409" classname="MockTest" time="0.001"/>
  <testcase name="[128] 4.716814692820408" classname="MockTest" time="0.001"/>
  <testcase name="[129] 4.816814692820408" classname="MockTest" time="0.001"/>
  <testcase name="[130] 4.916814692820408" classname="MockTest" time="0.001"/>
  <testcase name="[131] 5.016814692820407" classname="MockTest" time="0.001"/>
  <testcase name="[132] 5.116814692820407" classname="MockTest" time="0.001"/>
  <testcase name="[133] 5.216814692820407" classname="MockTest" time="0.001"/>
  <testcase name="[134] 5.316814692820406" classname="MockTest" time="0.001"/>
  <testcase name="[135] 5.416814692820406" classname="MockTest" time="0.001"/>
  <testcase name="[136] 5.516814692820406" classname="MockTest" time="0.001"/>
  <testcase name="[137] 5.616814692820405" classname="MockTest" time="0.002"/>
  <testcase name="[138] 5.716814692820405" classname="MockTest" time="0.001"/>
  <testcase name="[139] 5.8168146928204045" classname="MockTest" time="0.001"/>
  <testcase name="[140] 5.916814692820404" classname="MockTest" time="0.0"/>
  <testcase name="[141] 6.016814692820404" classname="MockTest" time="0.0"/>
  <testcase name="[142] 6.1168146928204035" classname="MockTest" time="0.0"/>
  <testcase name="[143] 6.216814692820403" classname="MockTest" time="0.001"/>
  <testcase name="[1] 0.0" classname="MockTest" time="0.001"/>
  <testcase name="[2] 0.5235987755982988" classname="MockTest" time="0.001"/>
  <testcase name="[3] 0.7853981633974483" classname="MockTest" time="0.0"/>
  <testcase name="[4] 1.0471975511965976" classname="MockTest" time="0.001"/>
  <testcase name="[5] 1.5707963267948966" classname="MockTest" time="0.001"/>
  <testcase name="[6] 2.0943951023931953" classname="MockTest" time="0.001"/>
  <testcase name="[7] 2.356194490192345" classname="MockTest" time="0.0"/>
  <testcase name="[8] 2.6179938779914944" classname="MockTest" time="0.0"/>
  <testcase name="[9] 3.141592653589793" classname="MockTest" time="0.0"/>
  <testcase name="[10] 3.665191429188092" classname="MockTest" time="0.0"/>
  <testcase name="[11] 3.9269908169872414" classname="MockTest" time="0.001"/>
  <testcase name="[12] 4.1887902047863905" classname="MockTest" time="0.001"/>
  <testcase name="[13] 4.71238898038469" classname="MockTest" time="0.0"/>
  <testcase name="[14] 5.235987755982989" classname="MockTest" time="0.001"/>
  <testcase name="[15] 5.497787143782138" classname="MockTest" time="0.001"/>
  <testcase name="[16] 5.759586531581287" classname="MockTest" time="0.002"/>
  <testcase name="[17] 6.283185307179586" classname="MockTest" time="0.001"/>
  <testcase name="[18] -6.283185307179586" classname="MockTest" time="0.0"/>
  <testcase name="[19] -6.183185307179587" classname="MockTest" time="0.001"/>
  <testcase name="[20] -6.083185307179587" classname="MockTest" time="0.0"/>
  <testcase name="[21] -5.983185307179587" classname="MockTest" time="0.001"/>
  <testcase name="[22] -5.883185307179588" classname="MockTest" time="0.001"/>
  <testcase name="[23] -5.783185307179588" classname="MockTest" time="0.001"/>
  <testcase name="[24] -5.683185307179588" classname="MockTest" time="0.001"/>
  <testcase name="[25] -5.583185307179589" classname="MockTest" time="0.001"/>
  <testcase name="[26] -5.483185307179589" classname="MockTest" time="0.001"/>
  <testcase name="[27] -5.383185307179589" classname="MockTest" time="0.001"/>
  <testcase name="[28] -5.28318530717959" classname="MockTest" time="0.001"/>
  <testcase name="[29] -5.18318530717959" classname="MockTest" time="0.001"/>
  <testcase name="[30] -5.0831853071795905" classname="MockTest" time="0.0"/>
  <testcase name="[31] -4.983185307179591" classname="MockTest" time="0.001"/>
  <testcase name="[32] -4.883185307179591" classname="MockTest" time="0.0"/>
  <testcase name="[33] -4.783185307179592" classname="MockTest" time="0.001"/>
  <testcase name="[34] -4.683185307179592" classname="MockTest" time="0.001"/>
  <testcase name="[35] -4.583185307179592" classname="MockTest" time="0.001"/>
  <testcase name="[36] -4.483185307179593" classname="MockTest" time="0.001"/>
  <testcase name="[37] -4.383185307179593" classname="MockTest" time="0.001"/>
  <testcase name="[38] -4.283185307179593" classname="MockTest" time="0.001"/>
  <testcase name="[39] -4.183185307179594" classname="MockTest" time="0.0"/>
  <testcase name="[40] -4.083185307179594" classname="MockTest" time="0.0"/>
  <testcase name="[41] -3.983185307179594" classname="MockTest" time="0.001"/>
  <testcase name="[42] -3.883185307179594" classname="MockTest" time="0.001"/>
  <testcase name="[43] -3.783185307179594" classname="MockTest" time="0.001"/>
  <testcase name="[44] -3.6831853071795937" classname="MockTest" time="0.001"/>
  <testcase name="[45] -3.5831853071795936" classname="MockTest" time="0.0"/>
  <testcase name="[46] -3.4831853071795935" classname="MockTest" time="0.0"/>
  <testcase name="[47] -3.3831853071795934" classname="MockTest" time="0.001"/>
  <testcase name="[48] -3.2831853071795933" classname="MockTest" time="0.0"/>
  <testcase name="[49] -3.1831853071795932" classname="MockTest" time="0.001"/>
  <testcase name="[50] -3.083185307179593" classname="MockTest" time="0.001"/>
  <testcase name="[51] -2.983185307179593" classname="MockTest" time="0.002"/>
  <testcase name="[52] -2.883185307179593" classname="MockTest" time="0.001"/>
  <testcase name="[53] -2.783185307179593" classname="MockTest" time="0.001"/>
  <testcase name="[54] -2.683185307179593" classname="MockTest" time="0.002"/>
  <testcase name="[55] -2.5831853071795927" classname="MockTest" time="0.001"/>
  <testcase name="[56] -2.4831853071795926" classname="MockTest" time="0.001"/>
  <testcase name="[57] -2.3831853071795925" classname="MockTest" time="0.001"/>
  <testcase name="[58] -2.2831853071795924" classname="MockTest" time="0.001"/>
  <testcase name="[59] -2.1831853071795924" classname="MockTest" time="0.001"/>
  <testcase name="[60] -2.0831853071795923" classname="MockTest" time="0.001"/>
  <testcase name="[61] -1.9831853071795922" classname="MockTest" time="0.001"/>
  <testcase name="[62] -1.883185307179592" classname="MockTest" time="0.0"/>
  <testcase name="[63] -1.783185307179592" classname="MockTest" time="0.001"/>
  <testcase name="[64] -1.683185307179592" classname="MockTest" time="0.001"/>
  <testcase name="[65] -1.5831853071795918" classname="MockTest" time="0.0"/>
  <testcase name="[66] -1.4831853071795917" classname="MockTest" time="0.001"/>
  <testcase name="[67] -1.3831853071795916" classname="MockTest" time="0.001"/>
  <testcase name="[68] -1.2831853071795916" classname="MockTest" time="0.001"/>
  <testcase name="[69] -1.1831853071795915" classname="MockTest" time="0.001"/>
  <testcase name="[70] -1.0831853071795914" classname="MockTest" time="0.001"/>
  <testcase name="[71] -0.9831853071795914" classname="MockTest" time="0.001"/>
  <testcase name="[72] -0.8831853071795914" classname="MockTest" time="0.001"/>
  <testcase name="[73] -0.7831853071795915" classname="MockTest" time="0.001"/>
  <testcase name="[74] -0.6831853071795915" classname="MockTest" time="0.001"/>
  <testcase name="[75] -0.5831853071795915" classname="MockTest" time="0.001"/>
  <testcase name="[76] -0.4831853071795915" classname="MockTest" time="0.001"/>
  <testcase name="[77] -0.38318530717959154" classname="MockTest" time="0.001"/>
  <testcase name="[78] -0.28318530717959156" classname="MockTest" time="0.007"/>
  <testcase name="[79] -0.18318530717959156" classname="MockTest" time="0.001"/>
  <testcase name="[80] -0.08318530717959155" classname="MockTest" time="0.001"/>
  <testcase name="[81] 0.016814692820408456" classname="MockTest" time="0.0"/>
  <testcase name="[82] 0.11681469282040846" classname="MockTest" time="0.001"/>
  <testcase name="[83] 0.21681469282040847" classname="MockTest" time="0.001"/>
  <testcase name="[84] 0.31681469282040847" classname="MockTest" time="0.001"/>
  <testcase name="[85] 0.4168146928204085" classname="MockTest" time="0.001"/>
  <testcase name="[86] 0.5168146928204085" classname="MockTest" time="0.001"/>
  <testcase name="[87] 0.6168146928204085" classname="MockTest" time="0.001"/>
  <testcase name="[88] 0.7168146928204084" classname="MockTest" time="0.001"/>
  <testcase name="[89] 0.8168146928204084" classname="MockTest" time="0.001"/>
  <testcase name="[90] 0.9168146928204084" classname="MockTest" time="0.001"/>
  <testcase name="[91] 1.0168146928204085" classname="MockTest" time="0.001"/>
  <testcase name="[92] 1.1168146928204086" classname="MockTest" time="0.001"/>
  <testcase name="[93] 1.2168146928204087" classname="MockTest" time="0.001"/>
  <testcase name="[94] 1.3168146928204087" classname="MockTest" time="0.001"/>
  <testcase name="[95] 1.4168146928204088" classname="MockTest" time="0.001"/>
  <testcase name="[96] 1.516814692820409" classname="MockTest" time="0.001"/>
  <testcase name="[97] 1.616814692820409" classname="MockTest" time="0.001"/>
  <testcase name="[98] 1.716814692820409" classname="MockTest" time="0.001"/>
  <testcase name="[99] 1.8168146928204092" classname="MockTest" time="0.001"/>
  <testcase name="[100] 1.9168146928204093" classname="MockTest" time="0.0"/>
  <testcase name="[101] 2.016814692820409" classname="MockTest" time="0.0"/>
  <testcase name="[102] 2.1168146928204092" classname="MockTest" time="0.0"/>
  <testcase name="[103] 2.2168146928204093" classname="MockTest" time="0.0"/>
  <testcase name="[104] 2.3168146928204094" classname="MockTest" time="0.001"/>
  <testcase name="[105] 2.4168146928204095" classname="MockTest" time="0.001"/>
  <testcase name="[106] 2.5168146928204096" classname="MockTest" time="0.001"/>
  <testcase name="[107] 2.6168146928204097" classname="MockTest" time="0.0"/>
  <testcase name="[108] 2.7168146928204098" classname="MockTest" time="0.0"/>
  <testcase name="[109] 2.81681469282041" classname="MockTest" time="0.001"/>
  <testcase name="[110] 2.91681469282041" classname="MockTest" time="0.001"/>
  <testcase name="[111] 3.01681469282041" classname="MockTest" time="0.001"/>
  <testcase name="[112] 3.11681469282041" classname="MockTest" time="0.0"/>
  <testcase name="[113] 3.21681469282041" classname="MockTest" time="0.001"/>
  <testcase name="[114] 3.3168146928204103" classname="MockTest" time="0.001"/>
  <testcase name="[115] 3.4168146928204104" classname="MockTest" time="0.001"/>
  <testcase name="[116] 3.5168146928204105" classname="MockTest" time="0.001"/>
  <testcase name="[117] 3.6168146928204106" classname="MockTest" time="0.001"/>
  <testcase name="[118] 3.7168146928204107" classname="MockTest" time="0.001"/>
  <testcase name="[119] 3.8168146928204107" classname="MockTest" time="0.001"/>
  <testcase name="[120] 3.916814692820411" classname="MockTest" time="0.001"/>
  <testcase name="[121] 4.016814692820411" classname="MockTest" time="0.001"/>
  <testcase name="[122] 4.116814692820411" classname="MockTest" time="0.001"/>
  <testcase name="[123] 4.21681469282041" classname="MockTest" time="0.001"/>
  <testcase name="[124] 4.31681469282041" classname="MockTest" time="0.001"/>
  <testcase name="[125] 4.4168146928204095" classname="MockTest" time="0.001"/>
  <testcase name="[126] 4.516814692820409" classname="MockTest" time="0.0"/>
  <testcase name="[127] 4.616814692820409" classname="MockTest" time="0.0"/>
  <testcase name="[128] 4.716814692820408" classname="MockTest" time="0.0"/>
  <testcase name="[129] 4.816814692820408" classname="MockTest" time="0.001"/>
  <testcase name="[130] 4.916814692820408" classname="MockTest" time="0.001"/>
  <testcase name="[131] 5.016814692820407" classname="MockTest" time="0.001"/>
  <testcase name="[132] 5.116814692820407" classname="MockTest" time="0.001"/>
  <testcase name="[133] 5.216814692820407" classname="MockTest" time="0.0"/>
  <testcase name="[134] 5.316814692820406" classname="MockTest" time="0.001"/>
  <testcase name="[135] 5.416814692820406" classname="MockTest" time="0.001"/>
  <testcase name="[136] 5.516814692820406" classname="MockTest" time="0.0"/>
  <testcase name="[137] 5.616814692820405" classname="MockTest" time="0.0"/>
  <testcase name="[138] 5.716814692820405" classname="MockTest" time="0.001"/>
  <testcase name="[139] 5.8168146928204045" classname="MockTest" time="0.001"/>
  <testcase name="[140] 5.916814692820404" classname="MockTest" time="0.001"/>
  <testcase name="[141] 6.016814692820404" classname="MockTest" time="0.001"/>
  <testcase name="[142] 6.1168146928204035" classname="MockTest" time="0.001"/>
  <testcase name="[143] 6.216814692820403" classname="MockTest" time="0.001"/>
  <testcase name="[1] 0.0" classname="MockTest" time="0.0"/>
  <testcase name="[2] 0.5235987755982988" classname="MockTest" time="0.0"/>
  <testcase name="[3] 0.7853981633974483" classname="MockTest" time="0.0"/>
  <testcase name="[4] 1.0471975511965976" classname="MockTest" time="0.0"/>
  <testcase name="[5] 1.5707963267948966" classname="MockTest" time="0.001"/>
  <testcase name="[6] 2.0943951023931953" classname="MockTest" time="0.0"/>
  <testcase name="[7] 2.356194490192345" classname="MockTest" time="0.0"/>
  <testcase name="[8] 2.6179938779914944" classname="MockTest" time="0.001"/>
  <testcase name="[9] 3.141592653589793" classname="MockTest" time="0.005"/>
  <testcase name="[10] 3.665191429188092" classname="MockTest" time="0.001"/>
  <testcase name="[11] 3.9269908169872414" classname="MockTest" time="0.0"/>
  <testcase name="[12] 4.1887902047863905" classname="MockTest" time="0.0"/>
  <testcase name="[13] 4.71238898038469" classname="MockTest" time="0.0"/>
  <testcase name="[14] 5.235987755982989" classname="MockTest" time="0.001"/>
  <testcase name="[15] 5.497787143782138" classname="MockTest" time="0.001"/>
  <testcase name="[16] 5.759586531581287" classname="MockTest" time="0.001"/>
  <testcase name="[17] 6.283185307179586" classname="MockTest" time="0.001"/>
  <testcase name="[18] -6.283185307179586" classname="MockTest" time="0.001"/>
  <testcase name="[19] -6.183185307179587" classname="MockTest" time="0.001"/>
  <testcase name="[20] -6.083185307179587" classname="MockTest" time="0.001"/>
  <testcase name="[21] -5.983185307179587" classname="MockTest" time="0.001"/>
  <testcase name="[22] -5.883185307179588" classname="MockTest" time="0.0"/>
  <testcase name="[23] -5.783185307179588" classname="MockTest" time="0.0"/>
  <testcase name="[24] -5.683185307179588" classname="MockTest" time="0.0"/>
  <testcase name="[25] -5.583185307179589" classname="MockTest" time="0.001"/>
  <testcase name="[26] -5.483185307179589" classname="MockTest" time="0.0"/>
  <testcase name="[27] -5.383185307179589" classname="MockTest" time="0.0"/>
  <testcase name="[28] -5.28318530717959" classname="MockTest" time="0.0"/>
  <testcase name="[29] -5.18318530717959" classname="MockTest" time="0.001"/>
  <testcase name="[30] -5.0831853071795905" classname="MockTest" time="0.0"/>
  <testcase name="[31] -4.983185307179591" classname="MockTest" time="0.001"/>
  <testcase name="[32] -4.883185307179591" classname="MockTest" time="0.0"/>
  <testcase name="[33] -4.783185307179592" classname="MockTest" time="0.001"/>
  <testcase name="[34] -4.683185307179592" classname="MockTest" time="0.001"/>
  <testcase name="[35] -4.583185307179592" classname="MockTest" time="0.001"/>
  <testcase name="[36] -4.483185307179593" classname="MockTest" time="0.001"/>
  <testcase name="[37] -4.383185307179593" classname="MockTest" time="0.0"/>
  <testcase name="[38] -4.283185307179593" classname="MockTest" time="0.0"/>
  <testcase name="[39] -4.183185307179594" classname="MockTest" time="0.001"/>
  <testcase name="[40] -4.083185307179594" classname="MockTest" time="0.0"/>
  <testcase name="[41] -3.983185307179594" classname="MockTest" time="0.0"/>
  <testcase name="[42] -3.883185307179594" classname="MockTest" time="0.0"/>
  <testcase name="[43] -3.783185307179594" classname="MockTest" time="0.001"/>
  <testcase name="[44] -3.6831853071795937" classname="MockTest" time="0.0"/>
  <testcase name="[45] -3.5831853071795936" classname="MockTest" time="0.0"/>
  <testcase name="[46] -3.4831853071795935" classname="MockTest" time="0.001"/>
  <testcase name="[47] -3.3831853071795934" classname="MockTest" time="0.0"/>
  <testcase name="[48] -3.2831853071795933" classname="MockTest" time="0.001"/>
  <testcase name="[49] -3.1831853071795932" classname="MockTest" time="0.0"/>
  <testcase name="[50] -3.083185307179593" classname="MockTest" time="0.001"/>
  <testcase name="[51] -2.983185307179593" classname="MockTest" time="0.0"/>
  <testcase name="[52] -2.883185307179593" classname="MockTest" time="0.0"/>
  <testcase name="[53] -2.783185307179593" classname="MockTest" time="0.0"/>
  <testcase name="[54] -2.683185307179593" classname="MockTest" time="0.0"/>
  <testcase name="[55] -2.5831853071795927" classname="MockTest" time="0.0"/>
  <testcase name="[56] -2.4831853071795926" classname="MockTest" time="0.0"/>
  <testcase name="[57] -2.3831853071795925" classname="MockTest" time="0.001"/>
  <testcase name="[58] -2.2831853071795924" classname="MockTest" time="0.0"/>
  <testcase name="[59] -2.1831853071795924" classname="MockTest" time="0.0"/>
  <testcase name="[60] -2.0831853071795923" classname="MockTest" time="0.0"/>
  <testcase name="[61] -1.9831853071795922" classname="MockTest" time="0.001"/>
  <testcase name="[62] -1.883185307179592" classname="MockTest" time="0.0"/>
  <testcase name="[63] -1.783185307179592" classname="MockTest" time="0.0"/>
  <testcase name="[64] -1.683185307179592" classname="MockTest" time="0.0"/>
  <testcase name="[65] -1.5831853071795918" classname="MockTest" time="0.001"/>
  <testcase name="[66] -1.4831853071795917" classname="MockTest" time="0.0"/>
  <testcase name="[67] -1.3831853071795916" classname="MockTest" time="0.0"/>
  <testcase name="[68] -1.2831853071795916" classname="MockTest" time="0.0"/>
  <testcase name="[69] -1.1831853071795915" classname="MockTest" time="0.0"/>
  <testcase name="[70] -1.0831853071795914" classname="MockTest" time="0.001"/>
  <testcase name="[71] -0.9831853071795914" classname="MockTest" time="0.001"/>
  <testcase name="[72] -0.8831853071795914" classname="MockTest" time="0.001"/>
  <testcase name="[73] -0.7831853071795915" classname="MockTest" time="0.001"/>
  <testcase name="[74] -0.6831853071795915" classname="MockTest" time="0.001"/>
  <testcase name="[75] -0.5831853071795915" classname="MockTest" time="0.001"/>
  <testcase name="[76] -0.4831853071795915" classname="MockTest" time="0.0"/>
  <testcase name="[77] -0.38318530717959154" classname="MockTest" time="0.0"/>
  <testcase name="[78] -0.28318530717959156" classname="MockTest" time="0.0"/>
  <testcase name="[79] -0.18318530717959156" classname="MockTest" time="0.001"/>
  <testcase name="[80] -0.08318530717959155" classname="MockTest" time="0.001"/>
  <testcase name="[81] 0.016814692820408456" classname="MockTest" time="0.0"/>
  <testcase name="[82] 0.11681469282040846" classname="MockTest" time="0.0"/>
  <testcase name="[83] 0.21681469282040847" classname="MockTest" time="0.001"/>
  <testcase name="[84] 0.31681469282040847" classname="MockTest" time="0.0"/>
  <testcase name="[85] 0.4168146928204085" classname="MockTest" time="0.0"/>
  <testcase name="[86] 0.5168146928204085" classname="MockTest" time="0.0"/>
  <testcase name="[87] 0.6168146928204085" classname="MockTest" time="0.0"/>
  <testcase name="[88] 0.7168146928204084" classname="MockTest" time="0.0"/>
  <testcase name="[89] 0.8168146928204084" classname="MockTest" time="0.0"/>
  <testcase name="[90] 0.9168146928204084" classname="MockTest" time="0.0"/>
  <testcase name="[91] 1.0168146928204085" classname="MockTest" time="0.001"/>
  <testcase name="[92] 1.1168146928204086" classname="MockTest" time="0.001"/>
  <testcase name="[93] 1.2168146928204087" classname="MockTest" time="0.0"/>
  <testcase name="[94] 1.3168146928204087" classname="MockTest" time="0.0"/>
  <testcase name="[95] 1.4168146928204088" classname="MockTest" time="0.0"/>
  <testcase name="[96] 1.516814692820409" classname="MockTest" time="0.0"/>
  <testcase name="[97] 1.616814692820409" classname="MockTest" time="0.001"/>
  <testcase name="[98] 1.716814692820409" classname="MockTest" time="0.001"/>
  <testcase name="[99] 1.8168146928204092" classname="MockTest" time="0.0"/>
  <testcase name="[100] 1.9168146928204093" classname="MockTest" time="0.0"/>
  <testcase name="[101] 2.016814692820409" classname="MockTest" time="0.001"/>
  <testcase name="[102] 2.1168146928204092" classname="MockTest" time="0.001"/>
  <testcase name="[103] 2.2168146928204093" classname="MockTest" time="0.0"/>
  <testcase name="[104] 2.3168146928204094" classname="MockTest" time="0.0"/>
  <testcase name="[105] 2.4168146928204095" classname="MockTest" time="0.001"/>
  <testcase name="[106] 2.5168146928204096" classname="MockTest" time="0.0"/>
  <testcase name="[107] 2.6168146928204097" classname="MockTest" time="0.0"/>
  <testcase name="[108] 2.7168146928204098" classname="MockTest" time="0.001"/>
  <testcase name="[109] 2.81681469282041" classname="MockTest" time="0.0"/>
  <testcase name="[110] 2.91681469282041" classname="MockTest" time="0.0"/>
  <testcase name="[111] 3.01681469282041" classname="MockTest" time="0.0"/>
  <testcase name="[112] 3.11681469282041" classname="MockTest" time="0.001"/>
  <testcase name="[113] 3.21681469282041" classname="MockTest" time="0.0"/>
  <testcase name="[114] 3.3168146928204103" classname="MockTest" time="0.0"/>
  <testcase name="[115] 3.4168146928204104" classname="MockTest" time="0.001"/>
  <testcase name="[116] 3.5168146928204105" classname="MockTest" time="0.0"/>
  <testcase name="[117] 3.6168146928204106" classname="MockTest" time="0.0"/>
  <testcase name="[118] 3.7168146928204107" classname="MockTest" time="0.001"/>
  <testcase name="[119] 3.8168146928204107" classname="MockTest" time="0.0"/>
  <testcase name="[120] 3.916814692820411" classname="MockTest" time="0.001"/>
  <testcase name="[121] 4.016814692820411" classname="MockTest" time="0.001"/>
  <testcase name="[122] 4.116814692820411" classname="MockTest" time="0.0"/>
  <testcase name="[123] 4.21681469282041" classname="MockTest" time="0.001"/>
  <testcase name="[124] 4.31681469282041" classname="MockTest" time="0.0"/>
  <testcase name="[125] 4.4168146928204095" classname="MockTest" time="0.0"/>
  <testcase name="[126] 4.516814692820409" classname="MockTest" time="0.0"/>
  <testcase name="[127] 4.616814692820409" classname="MockTest" time="0.001"/>
  <testcase name="[128] 4.716814692820408" classname="MockTest" time="0.0"/>
  <testcase name="[129] 4.816814692820408" classname="MockTest" time="0.001"/>
  <testcase name="[130] 4.916814692820408" classname="MockTest" time="0.001"/>
  <testcase name="[131] 5.016814692820407" classname="MockTest" time="0.001"/>
  <testcase name="[132] 5.116814692820407" classname="MockTest" time="0.0"/>
  <testcase name="[133] 5.216814692820407" classname="MockTest" time="0.0"/>
  <testcase name="[134] 5.316814692820406" classname="MockTest" time="0.001"/>
  <testcase name="[135] 5.416814692820406" classname="MockTest" time="0.0"/>
  <testcase name="[136] 5.516814692820406" classname="MockTest" time="0.0"/>
  <testcase name="[137] 5.616814692820405" classname="MockTest" time="0.0"/>
  <testcase name="[138] 5.716814692820405" classname="MockTest" time="0.0"/>
  <testcase name="[139] 5.8168146928204045" classname="MockTest" time="0.001"/>
  <testcase name="[140] 5.916814692820404" classname="MockTest" time="0.0"/>
  <testcase name="[141] 6.016814692820404" classname="MockTest" time="0.0"/>
  <testcase name="[142] 6.1168146928204035" classname="MockTest" time="0.0"/>
  <testcase name="[143] 6.216814692820403" classname="MockTest" time="0.0"/>
  <testcase name="[1] 0.0" classname="MockTest" time="0.001"/>
  <testcase name="[2] 0.5235987755982988" classname="MockTest" time="0.001"/>
  <testcase name="[3] 0.7853981633974483" classname="MockTest" time="0.001"/>
  <testcase name="[4] 1.0471975511965976" classname="MockTest" time="0.0"/>
  <testcase name="[5] 1.5707963267948966" classname="MockTest" time="0.001"/>
  <testcase name="[6] 2.0943951023931953" classname="MockTest" time="0.001"/>
  <testcase name="[7] 2.356194490192345" classname="MockTest" time="0.001"/>
  <testcase name="[8] 2.6179938779914944" classname="MockTest" time="0.001"/>
  <testcase name="[9] 3.141592653589793" classname="MockTest" time="0.001"/>
  <testcase name="[10] 3.665191429188092" classname="MockTest" time="0.001"/>
  <testcase name="[11] 3.9269908169872414" classname="MockTest" time="0.0"/>
  <testcase name="[12] 4.1887902047863905" classname="MockTest" time="0.0"/>
  <testcase name="[13] 4.71238898038469" classname="MockTest" time="0.001"/>
  <testcase name="[14] 5.235987755982989" classname="MockTest" time="0.0"/>
  <testcase name="[15] 5.497787143782138" classname="MockTest" time="0.0"/>
  <testcase name="[16] 5.759586531581287" classname="MockTest" time="0.001"/>
  <testcase name="[17] 6.283185307179586" classname="MockTest" time="0.001"/>
  <testcase name="[18] -6.283185307179586" classname="MockTest" time="0.001"/>
  <testcase name="[19] -6.183185307179587" classname="MockTest" time="0.001"/>
  <testcase name="[20] -6.083185307179587" classname="MockTest" time="0.001"/>
  <testcase name="[21] -5.983185307179587" classname="MockTest" time="0.001"/>
  <testcase name="[22] -5.883185307179588" classname="MockTest" time="0.001"/>
  <testcase name="[23] -5.783185307179588" classname="MockTest" time="0.0"/>
  <testcase name="[24] -5.683185307179588" classname="MockTest" time="0.001"/>
  <testcase name="[25] -5.583185307179589" classname="MockTest" time="0.001"/>
  <testcase name="[26] -5.483185307179589" classname="MockTest" time="0.0"/>
  <testcase name="[27] -5.383185307179589" classname="MockTest" time="0.001"/>
  <testcase name="[28] -5.28318530717959" classname="MockTest" time="0.001"/>
  <testcase name="[29] -5.18318530717959" classname="MockTest" time="0.001"/>
  <testcase name="[30] -5.0831853071795905" classname="MockTest" time="0.001"/>
  <testcase name="[31] -4.983185307179591" classname="MockTest" time="0.001"/>
  <testcase name="[32] -4.883185307179591" classname="MockTest" time="0.0"/>
  <testcase name="[33] -4.783185307179592" classname="MockTest" time="0.001"/>
  <testcase name="[34] -4.683185307179592" classname="MockTest" time="0.001"/>
  <testcase name="[35] -4.583185307179592" classname="MockTest" time="0.001"/>
  <testcase name="[36] -4.483185307179593" classname="MockTest" time="0.0"/>
  <testcase name="[37] -4.383185307179593" classname="MockTest" time="0.0"/>
  <testcase name="[38] -4.283185307179593" classname="MockTest" time="0.001"/>
  <testcase name="[39] -4.183185307179594" classname="MockTest" time="0.001"/>
  <testcase name="[40] -4.083185307179594" classname="MockTest" time="0.0"/>
  <testcase name="[41] -3.983185307179594" classname="MockTest" time="0.0"/>
  <testcase name="[42] -3.883185307179594" classname="MockTest" time="0.0"/>
  <testcase name="[43] -3.783185307179594" classname="MockTest" time="0.0"/>
  <testcase name="[44] -3.6831853071795937" classname="MockTest" time="0.001"/>
  <testcase name="[45] -3.5831853071795936" classname="MockTest" time="0.001"/>
  <testcase name="[46] -3.4831853071795935" classname="MockTest" time="0.001"/>
  <testcase name="[47] -3.3831853071795934" classname="MockTest" time="0.001"/>
  <testcase name="[48] -3.2831853071795933" classname="MockTest" time="0.001"/>
  <testcase name="[49] -3.1831853071795932" classname="MockTest" time="0.001"/>
  <testcase name="[50] -3.083185307179593" classname="MockTest" time="0.001"/>
  <testcase name="[51] -2.983185307179593" classname="MockTest" time="0.001"/>
  <testcase name="[52] -2.883185307179593" classname="MockTest" time="0.001"/>
  <testcase name="[53] -2.783185307179593" classname="MockTest" time="0.001"/>
  <testcase name="[54] -2.683185307179593" classname="MockTest" time="0.001"/>
  <testcase name="[55] -2.5831853071795927" classname="MockTest" time="0.0"/>
  <testcase name="[56] -2.4831853071795926" classname="MockTest" time="0.001"/>
  <testcase name="[57] -2.3831853071795925" classname="MockTest" time="0.001"/>
  <testcase name="[58] -2.2831853071795924" classname="MockTest" time="0.001"/>
  <testcase name="[59] -2.1831853071795924" classname="MockTest" time="0.002"/>
  <testcase name="[60] -2.0831853071795923" classname="MockTest" time="0.002"/>
  <testcase name="[61] -1.9831853071795922" classname="MockTest" time="0.001"/>
  <testcase name="[62] -1.883185307179592" classname="MockTest" time="0.001"/>
  <testcase name="[63] -1.783185307179592" classname="MockTest" time="0.002"/>
  <testcase name="[64] -1.683185307179592" classname="MockTest" time="0.001"/>
  <testcase name="[65] -1.5831853071795918" classname="MockTest" time="0.001"/>
  <testcase name="[66] -1.4831853071795917" classname="MockTest" time="0.001"/>
  <testcase name="[67] -1.3831853071795916" classname="MockTest" time="0.001"/>
  <testcase name="[68] -1.2831853071795916" classname="MockTest" time="0.001"/>
  <testcase name="[69] -1.1831853071795915" classname="MockTest" time="0.001"/>
  <testcase name="[70] -1.0831853071795914" classname="MockTest" time="0.001"/>
  <testcase name="[71] -0.9831853071795914" classname="MockTest" time="0.001"/>
  <testcase name="[72] -0.8831853071795914" classname="MockTest" time="0.001"/>
  <testcase name="[73] -0.7831853071795915" classname="MockTest" time="0.001"/>
  <testcase name="[74] -0.6831853071795915" classname="MockTest" time="0.001"/>
  <testcase name="[75] -0.5831853071795915" classname="MockTest" time="0.001"/>
  <testcase name="[76] -0.4831853071795915" classname="MockTest" time="0.001"/>
  <testcase name="[77] -0.38318530717959154" classname="MockTest" time="0.001"/>
  <testcase name="[78] -0.28318530717959156" classname="MockTest" time="0.001"/>
  <testcase name="[79] -0.18318530717959156" classname="MockTest" time="0.001"/>
  <testcase name="[80] -0.08318530717959155" classname="MockTest" time="0.001"/>
  <testcase name="[81] 0.016814692820408456" classname="MockTest" time="0.0"/>
  <testcase name="[82] 0.11681469282040846" classname="MockTest" time="0.001"/>
  <testcase name="[83] 0.21681469282040847" classname="MockTest" time="0.0"/>
  <testcase name="[84] 0.31681469282040847" classname="MockTest" time="0.001"/>
  <testcase name="[85] 0.4168146928204085" classname="MockTest" time="0.001"/>
  <testcase name="[86] 0.5168146928204085" classname="MockTest" time="0.001"/>
  <testcase name="[87] 0.6168146928204085" classname="MockTest" time="0.001"/>
  <testcase name="[88] 0.7168146928204084" classname="MockTest" time="0.001"/>
  <testcase name="[89] 0.8168146928204084" classname="MockTest" time="0.001"/>
  <testcase name="[90] 0.9168146928204084" classname="MockTest" time="0.0"/>
  <testcase name="[91] 1.0168146928204085" classname="MockTest" time="0.001"/>
  <testcase name="[92] 1.1168146928204086" classname="MockTest" time="0.0"/>
  <testcase name="[93] 1.2168146928204087" classname="MockTest" time="0.001"/>
  <testcase name="[94] 1.3168146928204087" classname="MockTest" time="0.001"/>
  <testcase name="[95] 1.4168146928204088" classname="MockTest" time="0.001"/>
  <testcase name="[96] 1.516814692820409" classname="MockTest" time="0.001"/>
  <testcase name="[97] 1.616814692820409" classname="MockTest" time="0.001"/>
  <testcase name="[98] 1.716814692820409" classname="MockTest" time="0.0"/>
  <testcase name="[99] 1.8168146928204092" classname="MockTest" time="0.001"/>
  <testcase name="[100] 1.9168146928204093" classname="MockTest" time="0.001"/>
  <testcase name="[101] 2.016814692820409" classname="MockTest" time="0.001"/>
  <testcase name="[102] 2.1168146928204092" classname="MockTest" time="0.006"/>
  <testcase name="[103] 2.2168146928204093" classname="MockTest" time="0.001"/>
  <testcase name="[104] 2.3168146928204094" classname="MockTest" time="0.001"/>
  <testcase name="[105] 2.4168146928204095" classname="MockTest" time="0.001"/>
  <testcase name="[106] 2.5168146928204096" classname="MockTest" time="0.001"/>
  <testcase name="[107] 2.6168146928204097" classname="MockTest" time="0.001"/>
  <testcase name="[108] 2.7168146928204098" classname="MockTest" time="0.001"/>
  <testcase name="[109] 2.81681469282041" classname="MockTest" time="0.001"/>
  <testcase name="[110] 2.91681469282041" classname="MockTest" time="0.001"/>
  <testcase name="[111] 3.01681469282041" classname="MockTest" time="0.0"/>
  <testcase name="[112] 3.11681469282041" classname="MockTest" time="0.0"/>
  <testcase name="[113] 3.21681469282041" classname="MockTest" time="0.0"/>
  <testcase name="[114] 3.3168146928204103" classname="MockTest" time="0.001"/>
  <testcase name="[115] 3.4168146928204104" classname="MockTest" time="0.001"/>
  <testcase name="[116] 3.5168146928204105" classname="MockTest" time="0.001"/>
  <testcase name="[117] 3.6168146928204106" classname="MockTest" time="0.001"/>
  <testcase name="[118] 3.7168146928204107" classname="MockTest" time="0.001"/>
  <testcase name="[119] 3.8168146928204107" classname="MockTest" time="0.001"/>
  <testcase name="[120] 3.916814692820411" classname="MockTest" time="0.0"/>
  <testcase name="[121] 4.016814692820411" classname="MockTest" time="0.001"/>
  <testcase name="[122] 4.116814692820411" classname="MockTest" time="0.001"/>
  <testcase name="[123] 4.21681469282041" classname="MockTest" time="0.001"/>
  <testcase name="[124] 4.31681469282041" classname="MockTest" time="0.001"/>
  <testcase name="[125] 4.4168146928204095" classname="MockTest" time="0.001"/>
  <testcase name="[126] 4.516814692820409" classname="MockTest" time="0.001"/>
  <testcase name="[127] 4.616814692820409" classname="MockTest" time="0.001"/>
  <testcase name="[128] 4.716814692820408" classname="MockTest" time="0.001"/>
  <testcase name="[129] 4.816814692820408" classname="MockTest" time="0.001"/>
  <testcase name="[130] 4.916814692820408" classname="MockTest" time="0.001"/>
  <testcase name="[131] 5.016814692820407" classname="MockTest" time="0.001"/>
  <testcase name="[132] 5.116814692820407" classname="MockTest" time="0.001"/>
  <testcase name="[133] 5.216814692820407" classname="MockTest" time="0.001"/>
  <testcase name="[134] 5.316814692820406" classname="MockTest" time="0.001"/>
  <testcase name="[135] 5.416814692820406" classname="MockTest" time="0.001"/>
  <testcase name="[136] 5.516814692820406" classname="MockTest" time="0.001"/>
  <testcase name="[137] 5.616814692820405" classname="MockTest" time="0.001"/>
  <testcase name="[138] 5.716814692820405" classname="MockTest" time="0.001"/>
  <testcase name="[139] 5.8168146928204045" classname="MockTest" time="0.001"/>
  <testcase name="[140] 5.916814692820404" classname="MockTest" time="0.001"/>
  <testcase name="[141] 6.016814692820404" classname="MockTest" time="0.0"/>
  <testcase name="[142] 6.1168146928204035" classname="MockTest" time="0.001"/>
  <testcase name="[143] 6.216814692820403" classname="MockTest" time="0.001"/>
  <testcase name="[1] -62.83185307179586" classname="MockTest" time="0.002"/>
  <testcase name="[2] -62.73185307179586" classname="MockTest" time="0.001"/>
  <testcase name="[3] -62.63185307179586" classname="MockTest" time="0.002"/>
  <testcase name="[4] -62.53185307179586" classname="MockTest" time="0.002"/>
  <testcase name="[5] -62.43185307179586" classname="MockTest" time="0.002"/>
  <testcase name="[6] -62.331853071795855" classname="MockTest" time="0.002"/>
  <testcase name="[7] -62.231853071795854" classname="MockTest" time="0.001"/>
  <testcase name="[8] -62.20353454107793" classname="MockTest" time="0.001"/>
  <testcase name="[9] -62.13185307179585" classname="MockTest" time="0.001"/>
  <testcase name="[10] -62.03185307179585" classname="MockTest" time="0.001"/>
  <testcase name="[11] -61.93185307179585" classname="MockTest" time="0.001"/>
  <testcase name="[12] -61.83185307179585" classname="MockTest" time="0.001"/>
  <testcase name="[13] -61.73185307179585" classname="MockTest" time="0.001"/>
  <testcase name="[14] -61.631853071795845" classname="MockTest" time="0.002"/>
  <testcase name="[15] -61.531853071795844" classname="MockTest" time="0.002"/>
  <testcase name="[16] -61.43185307179584" classname="MockTest" time="0.002"/>
  <testcase name="[17] -61.33185307179584" classname="MockTest" time="0.001"/>
  <testcase name="[18] -61.23185307179584" classname="MockTest" time="0.002"/>
  <testcase name="[19] -61.13185307179584" classname="MockTest" time="0.002"/>
  <testcase name="[20] -61.03185307179584" classname="MockTest" time="0.001"/>
  <testcase name="[21] -60.931853071795835" classname="MockTest" time="0.001"/>
  <testcase name="[22] -60.831853071795834" classname="MockTest" time="0.001"/>
  <testcase name="[23] -60.73185307179583" classname="MockTest" time="0.001"/>
  <testcase name="[24] -60.63185307179583" classname="MockTest" time="0.001"/>
  <testcase name="[25] -60.53185307179583" classname="MockTest" time="0.001"/>
  <testcase name="[26] -60.43185307179583" classname="MockTest" time="0.001"/>
  <testcase name="[27] -60.33185307179583" classname="MockTest" time="0.001"/>
  <testcase name="[28] -60.231853071795825" classname="MockTest" time="0.001"/>
  <testcase name="[29] -60.131853071795824" classname="MockTest" time="0.001"/>
  <testcase name="[30] -60.03185307179582" classname="MockTest" time="0.001"/>
  <testcase name="[31] -59.93185307179582" classname="MockTest" time="0.001"/>
  <testcase name="[32] -59.83185307179582" classname="MockTest" time="0.001"/>
  <testcase name="[33] -59.73185307179582" classname="MockTest" time="0.001"/>
  <testcase name="[34] -59.63185307179582" classname="MockTest" time="0.001"/>
  <testcase name="[35] -59.531853071795815" classname="MockTest" time="0.001"/>
  <testcase name="[36] -59.431853071795814" classname="MockTest" time="0.0"/>
  <testcase name="[37] -59.33185307179581" classname="MockTest" time="0.001"/>
  <testcase name="[38] -59.23185307179581" classname="MockTest" time="0.001"/>
  <testcase name="[39] -59.13185307179581" classname="MockTest" time="0.001"/>
  <testcase name="[40] -59.06194188748813" classname="MockTest" time="0.001"/>
  <testcase name="[41] -59.03185307179581" classname="MockTest" time="0.001"/>
  <testcase name="[42] -58.93185307179581" classname="MockTest" time="0.001"/>
  <testcase name="[43] -58.831853071795805" classname="MockTest" time="0.003"/>
  <testcase name="[44] -58.731853071795804" classname="MockTest" time="0.002"/>
  <testcase name="[45] -58.6318530717958" classname="MockTest" time="0.001"/>
  <testcase name="[46] -58.5318530717958" classname="MockTest" time="0.001"/>
  <testcase name="[47] -58.4318530717958" classname="MockTest" time="0.002"/>
  <testcase name="[48] -58.3318530717958" classname="MockTest" time="0.002"/>
  <testcase name="[49] -58.2318530717958" classname="MockTest" time="0.001"/>
  <testcase name="[50] -58.131853071795796" classname="MockTest" time="0.001"/>
  <testcase name="[51] -58.031853071795794" classname="MockTest" time="0.002"/>
  <testcase name="[52] -57.93185307179579" classname="MockTest" time="0.001"/>
  <testcase name="[53] -57.83185307179579" classname="MockTest" time="0.001"/>
  <testcase name="[54] -57.73185307179579" classname="MockTest" time="0.001"/>
  <testcase name="[55] -57.63185307179579" classname="MockTest" time="0.001"/>
  <testcase name="[56] -57.53185307179579" classname="MockTest" time="0.0"/>
  <testcase name="[57] -57.431853071795786" classname="MockTest" time="0.001"/>
  <testcase name="[58] -57.331853071795784" classname="MockTest" time="0.001"/>
  <testcase name="[59] -57.23185307179578" classname="MockTest" time="0.001"/>
  <testcase name="[60] -57.13185307179578" classname="MockTest" time="0.001"/>
  <testcase name="[61] -57.03185307179578" classname="MockTest" time="0.001"/>
  <testcase name="[62] -56.93185307179578" classname="MockTest" time="0.002"/>
  <testcase name="[63] -56.83185307179578" classname="MockTest" time="0.001"/>
  <testcase name="[64] -56.731853071795776" classname="MockTest" time="0.001"/>
  <testcase name="[65] -56.631853071795774" classname="MockTest" time="0.001"/>
  <testcase name="[66] -56.53185307179577" classname="MockTest" time="0.001"/>
  <testcase name="[67] -56.43185307179577" classname="MockTest" time="0.001"/>
  <testcase name="[68] -56.33185307179577" classname="MockTest" time="0.001"/>
  <testcase name="[69] -56.23185307179577" classname="MockTest" time="0.002"/>
  <testcase name="[70] -56.13185307179577" classname="MockTest" time="0.001"/>
  <testcase name="[71] -56.031853071795766" classname="MockTest" time="0.001"/>
  <testcase name="[72] -55.931853071795764" classname="MockTest" time="0.001"/>
  <testcase name="[73] -55.920349233898335" classname="MockTest" time="0.001"/>
  <testcase name="[74] -55.83185307179576" classname="MockTest" time="0.001"/>
  <testcase name="[75] -55.73185307179576" classname="MockTest" time="0.001"/>
  <testcase name="[76] -55.63185307179576" classname="MockTest" time="0.001"/>
  <testcase name="[77] -55.53185307179576" classname="MockTest" time="0.001"/>
  <testcase name="[78] -55.43185307179576" classname="MockTest" time="0.001"/>
  <testcase name="[79] -55.331853071795756" classname="MockTest" time="0.001"/>
  <testcase name="[80] -55.231853071795754" classname="MockTest" time="0.001"/>
  <testcase name="[81] -55.13185307179575" classname="MockTest" time="0.001"/>
  <testcase name="[82] -55.03185307179575" classname="MockTest" time="0.0"/>
  <testcase name="[83] -54.93185307179575" classname="MockTest" time="0.001"/>
  <testcase name="[84] -54.83185307179575" classname="MockTest" time="0.001"/>
  <testcase name="[85] -54.73185307179575" classname="MockTest" time="0.001"/>
  <testcase name="[86] -54.631853071795746" classname="MockTest" time="0.001"/>
  <testcase name="[87] -54.531853071795744" classname="MockTest" time="0.001"/>
  <testcase name="[88] -54.43185307179574" classname="MockTest" time="0.001"/>
  <testcase name="[89] -54.33185307179574" classname="MockTest" time="0.001"/>
  <testcase name="[90] -54.23185307179574" classname="MockTest" time="0.001"/>
  <testcase name="[91] -54.13185307179574" classname="MockTest" time="0.001"/>
  <testcase name="[92] -54.03185307179574" classname="MockTest" time="0.001"/>
  <testcase name="[93] -53.931853071795736" classname="MockTest" time="0.001"/>
  <testcase name="[94] -53.831853071795734" classname="MockTest" time="0.001"/>
  <testcase name="[95] -53.73185307179573" classname="MockTest" time="0.001"/>
  <testcase name="[96] -53.63185307179573" classname="MockTest" time="0.002"/>
  <testcase name="[97] -53.53185307179573" classname="MockTest" time="0.001"/>
  <testcase name="[98] -53.43185307179573" classname="MockTest" time="0.001"/>
  <testcase name="[99] -53.33185307179573" classname="MockTest" time="0.001"/>
  <testcase name="[100] -53.231853071795726" classname="MockTest" time="0.001"/>
  <testcase name="[101] -53.131853071795724" classname="MockTest" time="0.0"/>
  <testcase name="[102] -53.03185307179572" classname="MockTest" time="0.0"/>
  <testcase name="[103] -52.93185307179572" classname="MockTest" time="0.001"/>
  <testcase name="[104] -52.83185307179572" classname="MockTest" time="0.001"/>
  <testcase name="[105] -52.77875658030854" classname="MockTest" time="0.001"/>
  <testcase name="[106] -52.73185307179572" classname="MockTest" time="0.001"/>
  <testcase name="[107] -52.63185307179572" classname="MockTest" time="0.001"/>
  <testcase name="[108] -52.531853071795716" classname="MockTest" time="0.001"/>
  <testcase name="[109] -52.431853071795715" classname="MockTest" time="0.001"/>
  <testcase name="[110] -52.33185307179571" classname="MockTest" time="0.001"/>
  <testcase name="[111] -52.23185307179571" classname="MockTest" time="0.001"/>
  <testcase name="[112] -52.13185307179571" classname="MockTest" time="0.001"/>
  <testcase name="[113] -52.03185307179571" classname="MockTest" time="0.001"/>
  <testcase name="[114] -51.93185307179571" classname="MockTest" time="0.0"/>
  <testcase name="[115] -51.831853071795706" classname="MockTest" time="0.0"/>
  <testcase name="[116] -51.731853071795705" classname="MockTest" time="0.001"/>
  <testcase name="[117] -51.6318530717957" classname="MockTest" time="0.0"/>
  <testcase name="[118] -51.5318530717957" classname="MockTest" time="0.001"/>
  <testcase name="[119] -51.4318530717957" classname="MockTest" time="0.001"/>
  <testcase name="[120] -51.3318530717957" classname="MockTest" time="0.0"/>
  <testcase name="[121] -51.2318530717957" classname="MockTest" time="0.001"/>
  <testcase name="[122] -51.131853071795696" classname="MockTest" time="0.001"/>
  <testcase name="[123] -51.031853071795695" classname="MockTest" time="0.001"/>
  <testcase name="[124] -50.93185307179569" classname="MockTest" time="0.001"/>
  <testcase name="[125] -50.83185307179569" classname="MockTest" time="0.001"/>
  <testcase name="[126] -50.73185307179569" classname="MockTest" time="0.001"/>
  <testcase name="[127] -50.63185307179569" classname="MockTest" time="0.001"/>
  <testcase name="[128] -50.53185307179569" classname="MockTest" time="0.001"/>
  <testcase name="[129] -50.431853071795686" classname="MockTest" time="0.001"/>
  <testcase name="[130] -50.331853071795685" classname="MockTest" time="0.001"/>
  <testcase name="[131] -50.23185307179568" classname="MockTest" time="0.001"/>
  <testcase name="[132] -50.13185307179568" classname="MockTest" time="0.001"/>
  <testcase name="[133] -50.03185307179568" classname="MockTest" time="0.001"/>
  <testcase name="[134] -49.93185307179568" classname="MockTest" time="0.001"/>
  <testcase name="[135] -49.83185307179568" classname="MockTest" time="0.0"/>
  <testcase name="[136] -49.731853071795676" classname="MockTest" time="0.001"/>
  <testcase name="[137] -49.63716392671874" classname="MockTest" time="0.001"/>
  <testcase name="[138] -49.631853071795675" classname="MockTest" time="0.001"/>
  <testcase name="[139] -49.53185307179567" classname="MockTest" time="0.001"/>
  <testcase name="[140] -49.43185307179567" classname="MockTest" time="0.0"/>
  <testcase name="[141] -49.33185307179567" classname="MockTest" time="0.001"/>
  <testcase name="[142] -49.23185307179567" classname="MockTest" time="0.001"/>
  <testcase name="[143] -49.13185307179567" classname="MockTest" time="0.001"/>
  <testcase name="[144] -49.031853071795666" classname="MockTest" time="0.001"/>
  <testcase name="[145] -48.931853071795665" classname="MockTest" time="0.001"/>
  <testcase name="[146] -48.83185307179566" classname="MockTest" time="0.001"/>
  <testcase name="[147] -48.73185307179566" classname="MockTest" time="0.001"/>
  <testcase name="[148] -48.63185307179566" classname="MockTest" time="0.001"/>
  <testcase name="[149] -48.53185307179566" classname="MockTest" time="0.001"/>
  <testcase name="[150] -48.43185307179566" classname="MockTest" time="0.001"/>
  <testcase name="[151] -48.331853071795656" classname="MockTest" time="0.001"/>
  <testcase name="[152] -48.231853071795655" classname="MockTest" time="0.0"/>
  <testcase name="[153] -48.13185307179565" classname="MockTest" time="0.001"/>
  <testcase name="[154] -48.03185307179565" classname="MockTest" time="0.001"/>
  <testcase name="[155] -47.93185307179565" classname="MockTest" time="0.001"/>
  <testcase name="[156] -47.83185307179565" classname="MockTest" time="0.001"/>
  <testcase name="[157] -47.73185307179565" classname="MockTest" time="0.001"/>
  <testcase name="[158] -47.631853071795646" classname="MockTest" time="0.002"/>
  <testcase name="[159] -47.531853071795645" classname="MockTest" time="0.001"/>
  <testcase name="[160] -47.43185307179564" classname="MockTest" time="0.001"/>
  <testcase name="[161] -47.33185307179564" classname="MockTest" time="0.001"/>
  <testcase name="[162] -47.23185307179564" classname="MockTest" time="0.0"/>
  <testcase name="[163] -47.13185307179564" classname="MockTest" time="0.001"/>
  <testcase name="[164] -47.03185307179564" classname="MockTest" time="0.001"/>
  <testcase name="[165] -46.931853071795636" classname="MockTest" time="0.001"/>
  <testcase name="[166] -46.831853071795635" classname="MockTest" time="0.001"/>
  <testcase name="[167] -46.73185307179563" classname="MockTest" time="0.001"/>
  <testcase name="[168] -46.63185307179563" classname="MockTest" time="0.001"/>
  <testcase name="[169] -46.53185307179563" classname="MockTest" time="0.001"/>
  <testcase name="[170] -46.495571273128945" classname="MockTest" time="0.001"/>
  <testcase name="[171] -46.43185307179563" classname="MockTest" time="0.001"/>
  <testcase name="[172] -46.33185307179563" classname="MockTest" time="0.001"/>
  <testcase name="[173] -46.231853071795626" classname="MockTest" time="0.001"/>
  <testcase name="[174] -46.131853071795625" classname="MockTest" time="0.002"/>
[...]
  <testcase name="[4] 1.0" classname="MockTest" time="0.0"/>
  <testcase name="[5] 1.6909125123605662" classname="MockTest" time="0.001"/>
  <testcase name="[6] 2.718281828459045" classname="MockTest" time="0.001"/>
  <testcase name="[7] 10.0" classname="MockTest" time="0.003"/>
  <testcase name="[8] 2.0" classname="MockTest" time="0.001"/>
  <testcase name="[9] 4.0" classname="MockTest" time="0.002"/>
  <testcase name="[10] 8.0" classname="MockTest" time="0.002"/>
  <testcase name="[11] 16.0" classname="MockTest" time="0.003"/>
  <testcase name="[12] 32.0" classname="MockTest" time="0.004"/>
  <testcase name="[13] 64.0" classname="MockTest" time="0.005"/>
  <testcase name="[14] 128.0" classname="MockTest" time="0.005"/>
  <testcase name="[15] 256.0" classname="MockTest" time="0.007"/>
  <testcase name="[16] 512.0" classname="MockTest" time="0.007"/>
  <testcase name="[17] 1024.0" classname="MockTest" time="0.007"/>
  <testcase name="[18] 3.0" classname="MockTest" time="0.001"/>
  <testcase name="[19] 9.0" classname="MockTest" time="0.002"/>
  <testcase name="[20] 27.0" classname="MockTest" time="0.004"/>
  <testcase name="[21] 81.0" classname="MockTest" time="0.005"/>
  <testcase name="[22] 243.0" classname="MockTest" time="0.006"/>
  <testcase name="[23] 729.0" classname="MockTest" time="0.007"/>
  <testcase name="[24] 2187.0" classname="MockTest" time="0.008"/>
  <testcase name="[25] 6561.0" classname="MockTest" time="0.01"/>
  <testcase name="[26] 19683.0" classname="MockTest" time="0.011"/>
  <testcase name="[27] 59049.0" classname="MockTest" time="0.012"/>
  <testcase name="[28] 5.0" classname="MockTest" time="0.002"/>
  <testcase name="[29] 25.0" classname="MockTest" time="0.004"/>
  <testcase name="[30] 125.0" classname="MockTest" time="0.005"/>
  <testcase name="[31] 625.0" classname="MockTest" time="0.008"/>
  <testcase name="[32] 3125.0" classname="MockTest" time="0.009"/>
  <testcase name="[33] 15625.0" classname="MockTest" time="0.01"/>
  <testcase name="[34] 78125.0" classname="MockTest" time="0.013"/>
  <testcase name="[35] 390625.0" classname="MockTest" time="0.014"/>
  <testcase name="[36] 1953125.0" classname="MockTest" time="0.016"/>
  <testcase name="[37] 9765625.0" classname="MockTest" time="0.017"/>
  <testcase name="[38] 4.0" classname="MockTest" time="0.002"/>
  <testcase name="[39] 5.0" classname="MockTest" time="0.002"/>
  <testcase name="[40] 6.0" classname="MockTest" time="0.002"/>
  <testcase name="[41] 7.0" classname="MockTest" time="0.003"/>
  <testcase name="[42] 8.0" classname="MockTest" time="0.002"/>
  <testcase name="[43] 9.0" classname="MockTest" time="0.003"/>
  <testcase name="[44] 10.0" classname="MockTest" time="0.003"/>
  <testcase name="[45] 11.0" classname="MockTest" time="0.003"/>
  <testcase name="[46] 12.0" classname="MockTest" time="0.003"/>
  <testcase name="[47] 13.0" classname="MockTest" time="0.003"/>
  <testcase name="[48] 14.0" classname="MockTest" time="0.003"/>
  <testcase name="[49] 15.0" classname="MockTest" time="0.003"/>
  <testcase name="[50] 16.0" classname="MockTest" time="0.004"/>
  <testcase name="[51] 17.0" classname="MockTest" time="0.003"/>
  <testcase name="[52] 18.0" classname="MockTest" time="0.004"/>
  <testcase name="[53] 19.0" classname="MockTest" time="0.003"/>
  <testcase name="[54] 20.0" classname="MockTest" time="0.004"/>
  <testcase name="[55] 21.0" classname="MockTest" time="0.003"/>
  <testcase name="[56] 22.0" classname="MockTest" time="0.004"/>
  <testcase name="[57] 23.0" classname="MockTest" time="0.003"/>
  <testcase name="[58] 24.0" classname="MockTest" time="0.003"/>
  <testcase name="[59] 25.0" classname="MockTest" time="0.004"/>
  <testcase name="[60] 26.0" classname="MockTest" time="0.003"/>
  <testcase name="[61] 27.0" classname="MockTest" time="0.004"/>
  <testcase name="[62] 28.0" classname="MockTest" time="0.004"/>
  <testcase name="[63] 29.0" classname="MockTest" time="0.004"/>
  <testcase name="[64] 30.0" classname="MockTest" time="0.004"/>
  <testcase name="[65] 31.0" classname="MockTest" time="0.004"/>
  <testcase name="[66] 32.0" classname="MockTest" time="0.003"/>
  <testcase name="[67] 33.0" classname="MockTest" time="0.004"/>
  <testcase name="[68] 34.0" classname="MockTest" time="0.004"/>
  <testcase name="[69] 35.0" classname="MockTest" time="0.004"/>
  <testcase name="[70] 36.0" classname="MockTest" time="0.004"/>
  <testcase name="[71] 37.0" classname="MockTest" time="0.005"/>
  <testcase name="[72] 38.0" classname="MockTest" time="0.004"/>
  <testcase name="[73] 39.0" classname="MockTest" time="0.005"/>
  <testcase name="[74] 40.0" classname="MockTest" time="0.004"/>
  <testcase name="[75] 41.0" classname="MockTest" time="0.004"/>
  <testcase name="[76] 42.0" classname="MockTest" time="0.004"/>
  <testcase name="[77] 43.0" classname="MockTest" time="0.004"/>
  <testcase name="[78] 44.0" classname="MockTest" time="0.004"/>
  <testcase name="[79] 45.0" classname="MockTest" time="0.004"/>
  <testcase name="[80] 46.0" classname="MockTest" time="0.004"/>
  <testcase name="[81] 47.0" classname="MockTest" time="0.004"/>
  <testcase name="[82] 48.0" classname="MockTest" time="0.005"/>
  <testcase name="[83] 49.0" classname="MockTest" time="0.004"/>
  <testcase name="[84] 50.0" classname="MockTest" time="0.004"/>
  <testcase name="[85] 51.0" classname="MockTest" time="0.004"/>
  <testcase name="[86] 52.0" classname="MockTest" time="0.005"/>
  <testcase name="[87] 53.0" classname="MockTest" time="0.004"/>
  <testcase name="[88] 54.0" classname="MockTest" time="0.004"/>
  <testcase name="[89] 55.0" classname="MockTest" time="0.005"/>
  <testcase name="[90] 56.0" classname="MockTest" time="0.005"/>
  <testcase name="[91] 57.0" classname="MockTest" time="0.005"/>
  <testcase name="[92] 58.0" classname="MockTest" time="0.005"/>
  <testcase name="[93] 59.0" classname="MockTest" time="0.005"/>
  <testcase name="[94] 60.0" classname="MockTest" time="0.004"/>
  <testcase name="[95] 61.0" classname="MockTest" time="0.004"/>
  <testcase name="[96] 62.0" classname="MockTest" time="0.005"/>
  <testcase name="[97] 63.0" classname="MockTest" time="0.005"/>
  <testcase name="[98] 64.0" classname="MockTest" time="0.004"/>
  <testcase name="[99] 65.0" classname="MockTest" time="0.004"/>
  <testcase name="[100] 66.0" classname="MockTest" time="0.005"/>
  <testcase name="[101] 67.0" classname="MockTest" time="0.005"/>
  <testcase name="[102] 68.0" classname="MockTest" time="0.004"/>
  <testcase name="[103] 69.0" classname="MockTest" time="0.004"/>
  <testcase name="[104] 70.0" classname="MockTest" time="0.005"/>
  <testcase name="[105] 71.0" classname="MockTest" time="0.005"/>
  <testcase name="[106] 72.0" classname="MockTest" time="0.004"/>
  <testcase name="[107] 73.0" classname="MockTest" time="0.004"/>
  <testcase name="[108] 74.0" classname="MockTest" time="0.004"/>
  <testcase name="[109] 75.0" classname="MockTest" time="0.004"/>
  <testcase name="[110] 76.0" classname="MockTest" time="0.005"/>
  <testcase name="[111] 77.0" classname="MockTest" time="0.005"/>
  <testcase name="[112] 78.0" classname="MockTest" time="0.004"/>
  <testcase name="[113] 79.0" classname="MockTest" time="0.005"/>
  <testcase name="[114] 80.0" classname="MockTest" time="0.005"/>
  <testcase name="[115] 81.0" classname="MockTest" time="0.005"/>
  <testcase name="[116] 82.0" classname="MockTest" time="0.005"/>
  <testcase name="[117] 83.0" classname="MockTest" time="0.005"/>
  <testcase name="[118] 84.0" classname="MockTest" time="0.006"/>
  <testcase name="[119] 85.0" classname="MockTest" time="0.005"/>
  <testcase name="[120] 86.0" classname="MockTest" time="0.005"/>
  <testcase name="[121] 87.0" classname="MockTest" time="0.005"/>
  <testcase name="[122] 88.0" classname="MockTest" time="0.005"/>
  <testcase name="[123] 89.0" classname="MockTest" time="0.005"/>
  <testcase name="[124] 90.0" classname="MockTest" time="0.005"/>
  <testcase name="[125] 91.0" classname="MockTest" time="0.005"/>
  <testcase name="[126] 92.0" classname="MockTest" time="0.005"/>
  <testcase name="[127] 93.0" classname="MockTest" time="0.005"/>
  <testcase name="[128] 94.0" classname="MockTest" time="0.005"/>
  <testcase name="[129] 95.0" classname="MockTest" time="0.005"/>
  <testcase name="[130] 96.0" classname="MockTest" time="0.005"/>
  <testcase name="[131] 97.0" classname="MockTest" time="0.006"/>
  <testcase name="[132] 98.0" classname="MockTest" time="0.005"/>
  <testcase name="[133] 99.0" classname="MockTest" time="0.005"/>
  <testcase name="[1] 0.0" classname="MockTest" time="0.0"/>
  <testcase name="[2] 0.5235987755982988" classname="MockTest" time="0.001"/>
  <testcase name="[3] 0.7853981633974483" classname="MockTest" time="0.0"/>
  <testcase name="[4] 1.0471975511965976" classname="MockTest" time="0.0"/>
  <testcase name="[5] 1.5707963267948966" classname="MockTest" time="0.001"/>
  <testcase name="[6] 2.0943951023931953" classname="MockTest" time="0.0"/>
  <testcase name="[7] 2.356194490192345" classname="MockTest" time="0.0"/>
  <testcase name="[8] 2.6179938779914944" classname="MockTest" time="0.0"/>
  <testcase name="[9] 3.141592653589793" classname="MockTest" time="0.001"/>
  <testcase name="[10] 3.665191429188092" classname="MockTest" time="0.0"/>
  <testcase name="[11] 3.9269908169872414" classname="MockTest" time="0.0"/>
  <testcase name="[12] 4.1887902047863905" classname="MockTest" time="0.0"/>
  <testcase name="[13] 4.71238898038469" classname="MockTest" time="0.0"/>
  <testcase name="[14] 5.235987755982989" classname="MockTest" time="0.0"/>
  <testcase name="[15] 5.497787143782138" classname="MockTest" time="0.0"/>
  <testcase name="[16] 5.759586531581287" classname="MockTest" time="0.001"/>
  <testcase name="[17] 6.283185307179586" classname="MockTest" time="0.0"/>
  <testcase name="[18] -6.283185307179586" classname="MockTest" time="0.0"/>
  <testcase name="[19] -6.183185307179587" classname="MockTest" time="0.0"/>
  <testcase name="[20] -6.083185307179587" classname="MockTest" time="0.0"/>
  <testcase name="[21] -5.983185307179587" classname="MockTest" time="0.0"/>
  <testcase name="[22] -5.883185307179588" classname="MockTest" time="0.0"/>
  <testcase name="[23] -5.783185307179588" classname="MockTest" time="0.0"/>
  <testcase name="[24] -5.683185307179588" classname="MockTest" time="0.0"/>
  <testcase name="[25] -5.583185307179589" classname="MockTest" time="0.001"/>
  <testcase name="[26] -5.483185307179589" classname="MockTest" time="0.0"/>
  <testcase name="[27] -5.383185307179589" classname="MockTest" time="0.0"/>
  <testcase name="[28] -5.28318530717959" classname="MockTest" time="0.0"/>
  <testcase name="[29] -5.18318530717959" classname="MockTest" time="0.0"/>
  <testcase name="[30] -5.0831853071795905" classname="MockTest" time="0.0"/>
  <testcase name="[31] -4.983185307179591" classname="MockTest" time="0.0"/>
  <testcase name="[32] -4.883185307179591" classname="MockTest" time="0.0"/>
  <testcase name="[33] -4.783185307179592" classname="MockTest" time="0.001"/>
  <testcase name="[34] -4.683185307179592" classname="MockTest" time="0.0"/>
  <testcase name="[35] -4.583185307179592" classname="MockTest" time="0.0"/>
  <testcase name="[36] -4.483185307179593" classname="MockTest" time="0.0"/>
  <testcase name="[37] -4.383185307179593" classname="MockTest" time="0.0"/>
  <testcase name="[38] -4.283185307179593" classname="MockTest" time="0.0"/>
  <testcase name="[39] -4.183185307179594" classname="MockTest" time="0.0"/>
  <testcase name="[40] -4.083185307179594" classname="MockTest" time="0.0"/>
  <testcase name="[41] -3.983185307179594" classname="MockTest" time="0.0"/>
  <testcase name="[42] -3.883185307179594" classname="MockTest" time="0.001"/>
  <testcase name="[43] -3.783185307179594" classname="MockTest" time="0.0"/>
  <testcase name="[44] -3.6831853071795937" classname="MockTest" time="0.0"/>
  <testcase name="[45] -3.5831853071795936" classname="MockTest" time="0.0"/>
  <testcase name="[46] -3.4831853071795935" classname="MockTest" time="0.0"/>
  <testcase name="[47] -3.3831853071795934" classname="MockTest" time="0.001"/>
  <testcase name="[48] -3.2831853071795933" classname="MockTest" time="0.0"/>
  <testcase name="[49] -3.1831853071795932" classname="MockTest" time="0.0"/>
  <testcase name="[50] -3.083185307179593" classname="MockTest" time="0.0"/>
  <testcase name="[51] -2.983185307179593" classname="MockTest" time="0.0"/>
  <testcase name="[52] -2.883185307179593" classname="MockTest" time="0.001"/>
  <testcase name="[53] -2.783185307179593" classname="MockTest" time="0.0"/>
  <testcase name="[54] -2.683185307179593" classname="MockTest" time="0.0"/>
  <testcase name="[55] -2.5831853071795927" classname="MockTest" time="0.0"/>
  <testcase name="[56] -2.4831853071795926" classname="MockTest" time="0.0"/>
  <testcase name="[57] -2.3831853071795925" classname="MockTest" time="0.0"/>
  <testcase name="[58] -2.2831853071795924" classname="MockTest" time="0.0"/>
  <testcase name="[59] -2.1831853071795924" classname="MockTest" time="0.0"/>
  <testcase name="[60] -2.0831853071795923" classname="MockTest" time="0.0"/>
  <testcase name="[61] -1.9831853071795922" classname="MockTest" time="0.0"/>
  <testcase name="[62] -1.883185307179592" classname="MockTest" time="0.0"/>
  <testcase name="[63] -1.783185307179592" classname="MockTest" time="0.0"/>
  <testcase name="[64] -1.683185307179592" classname="MockTest" time="0.0"/>
  <testcase name="[65] -1.5831853071795918" classname="MockTest" time="0.0"/>
  <testcase name="[66] -1.4831853071795917" classname="MockTest" time="0.0"/>
  <testcase name="[67] -1.3831853071795916" classname="MockTest" time="0.0"/>
  <testcase name="[68] -1.2831853071795916" classname="MockTest" time="0.0"/>
  <testcase name="[69] -1.1831853071795915" classname="MockTest" time="0.0"/>
  <testcase name="[70] -1.0831853071795914" classname="MockTest" time="0.0"/>
  <testcase name="[71] -0.9831853071795914" classname="MockTest" time="0.0"/>
  <testcase name="[72] -0.8831853071795914" classname="MockTest" time="0.0"/>
  <testcase name="[73] -0.7831853071795915" classname="MockTest" time="0.0"/>
  <testcase name="[74] -0.6831853071795915" classname="MockTest" time="0.0"/>
  <testcase name="[75] -0.5831853071795915" classname="MockTest" time="0.0"/>
  <testcase name="[76] -0.4831853071795915" classname="MockTest" time="0.0"/>
  <testcase name="[77] -0.38318530717959154" classname="MockTest" time="0.0"/>
  <testcase name="[78] -0.28318530717959156" classname="MockTest" time="0.0"/>
  <testcase name="[79] -0.18318530717959156" classname="MockTest" time="0.0"/>
  <testcase name="[80] -0.08318530717959155" classname="MockTest" time="0.0"/>
  <testcase name="[81] 0.016814692820408456" classname="MockTest" time="0.001"/>
  <testcase name="[82] 0.11681469282040846" classname="MockTest" time="0.0"/>
  <testcase name="[83] 0.21681469282040847" classname="MockTest" time="0.0"/>
  <testcase name="[84] 0.31681469282040847" classname="MockTest" time="0.0"/>
  <testcase name="[85] 0.4168146928204085" classname="MockTest" time="0.0"/>
  <testcase name="[86] 0.5168146928204085" classname="MockTest" time="0.0"/>
  <testcase name="[87] 0.6168146928204085" classname="MockTest" time="0.0"/>
  <testcase name="[88] 0.7168146928204084" classname="MockTest" time="0.0"/>
  <testcase name="[89] 0.8168146928204084" classname="MockTest" time="0.0"/>
  <testcase name="[90] 0.9168146928204084" classname="MockTest" time="0.001"/>
  <testcase name="[91] 1.0168146928204085" classname="MockTest" time="0.0"/>
  <testcase name="[92] 1.1168146928204086" classname="MockTest" time="0.0"/>
  <testcase name="[93] 1.2168146928204087" classname="MockTest" time="0.0"/>
  <testcase name="[94] 1.3168146928204087" classname="MockTest" time="0.0"/>
  <testcase name="[95] 1.4168146928204088" classname="MockTest" time="0.001"/>
  <testcase name="[96] 1.516814692820409" classname="MockTest" time="0.0"/>
  <testcase name="[97] 1.616814692820409" classname="MockTest" time="0.0"/>
  <testcase name="[98] 1.716814692820409" classname="MockTest" time="0.0"/>
  <testcase name="[99] 1.8168146928204092" classname="MockTest" time="0.0"/>
  <testcase name="[100] 1.9168146928204093" classname="MockTest" time="0.001"/>
  <testcase name="[101] 2.016814692820409" classname="MockTest" time="0.0"/>
  <testcase name="[102] 2.1168146928204092" classname="MockTest" time="0.0"/>
  <testcase name="[103] 2.2168146928204093" classname="MockTest" time="0.0"/>
  <testcase name="[104] 2.3168146928204094" classname="MockTest" time="0.0"/>
  <testcase name="[105] 2.4168146928204095" classname="MockTest" time="0.0"/>
  <testcase name="[106] 2.5168146928204096" classname="MockTest" time="0.0"/>
  <testcase name="[107] 2.6168146928204097" classname="MockTest" time="0.0"/>
  <testcase name="[108] 2.7168146928204098" classname="MockTest" time="0.0"/>
  <testcase name="[109] 2.81681469282041" classname="MockTest" time="0.001"/>
  <testcase name="[110] 2.91681469282041" classname="MockTest" time="0.0"/>
  <testcase name="[111] 3.01681469282041" classname="MockTest" time="0.0"/>
  <testcase name="[112] 3.11681469282041" classname="MockTest" time="0.0"/>
  <testcase name="[113] 3.21681469282041" classname="MockTest" time="0.0"/>
  <testcase name="[114] 3.3168146928204103" classname="MockTest" time="0.001"/>
  <testcase name="[115] 3.4168146928204104" classname="MockTest" time="0.0"/>
  <testcase name="[116] 3.5168146928204105" classname="MockTest" time="0.001"/>
  <testcase name="[117] 3.6168146928204106" classname="MockTest" time="0.0"/>
  <testcase name="[118] 3.7168146928204107" classname="MockTest" time="0.0"/>
  <testcase name="[119] 3.8168146928204107" classname="MockTest" time="0.001"/>
  <testcase name="[120] 3.916814692820411" classname="MockTest" time="0.0"/>
  <testcase name="[121] 4.016814692820411" classname="MockTest" time="0.0"/>
  <testcase name="[122] 4.116814692820411" classname="MockTest" time="0.0"/>
  <testcase name="[123] 4.21681469282041" classname="MockTest" time="0.0"/>
  <testcase name="[124] 4.31681469282041" classname="MockTest" time="0.001"/>
  <testcase name="[125] 4.4168146928204095" classname="MockTest" time="0.0"/>
  <testcase name="[126] 4.516814692820409" classname="MockTest" time="0.0"/>
  <testcase name="[127] 4.616814692820409" classname="MockTest" time="0.0"/>
  <testcase name="[128] 4.716814692820408" classname="MockTest" time="0.004"/>
  <testcase name="[129] 4.816814692820408" classname="MockTest" time="0.0"/>
  <testcase name="[130] 4.916814692820408" classname="MockTest" time="0.0"/>
  <testcase name="[131] 5.016814692820407" classname="MockTest" time="0.0"/>
  <testcase name="[132] 5.116814692820407" classname="MockTest" time="0.0"/>
  <testcase name="[133] 5.216814692820407" classname="MockTest" time="0.0"/>
  <testcase name="[134] 5.316814692820406" classname="MockTest" time="0.001"/>
  <testcase name="[135] 5.416814692820406" classname="MockTest" time="0.0"/>
  <testcase name="[136] 5.516814692820406" classname="MockTest" time="0.0"/>
  <testcase name="[137] 5.616814692820405" classname="MockTest" time="0.001"/>
  <testcase name="[138] 5.716814692820405" classname="MockTest" time="0.0"/>
  <testcase name="[139] 5.8168146928204045" classname="MockTest" time="0.0"/>
  <testcase name="[140] 5.916814692820404" classname="MockTest" time="0.0"/>
  <testcase name="[141] 6.016814692820404" classname="MockTest" time="0.0"/>
  <testcase name="[142] 6.1168146928204035" classname="MockTest" time="0.0"/>
  <testcase name="[143] 6.216814692820403" classname="MockTest" time="0.0"/>
  <system-out><![CDATA[]]></system-out>
  <system-err><![CDATA[]]></system-err>
</testsuite>
